Log file open, 10/27/20 13:08:31
LogInit: Display: Running engine for game: MazeBall
LogPlatformFile: Not using cached read wrapper
LogTaskGraph: Started task graph with 5 named threads and 14 total threads with 3 sets of task threads.
LogStats: Stats thread started at 2.864815
LogD3D11RHI: Loaded GFSDK_Aftermath_Lib.x64.dll
LogICUInternationalization: ICU TimeZone Detection - Raw Offset: -6:00, Platform Override: ''
LogPluginManager: Mounting plugin Paper2D
LogPluginManager: Mounting plugin AISupport
LogPluginManager: Mounting plugin LightPropagationVolume
LogPluginManager: Mounting plugin CameraShakePreviewer
LogPluginManager: Mounting plugin ActorLayerUtilities
LogPluginManager: Mounting plugin AnimationSharing
LogPluginManager: Mounting plugin CLionSourceCodeAccess
LogPluginManager: Mounting plugin CodeLiteSourceCodeAccess
LogPluginManager: Mounting plugin GitSourceControl
LogPluginManager: Mounting plugin KDevelopSourceCodeAccess
LogPluginManager: Mounting plugin NullSourceCodeAccess
LogPluginManager: Mounting plugin PerforceSourceControl
LogPluginManager: Mounting plugin PlasticSourceControl
LogPluginManager: Mounting plugin RiderSourceCodeAccess
LogPluginManager: Mounting plugin SubversionSourceControl
LogPluginManager: Mounting plugin UObjectPlugin
LogPluginManager: Mounting plugin VisualStudioCodeSourceCodeAccess
LogPluginManager: Mounting plugin VisualStudioSourceCodeAccess
LogPluginManager: Mounting plugin XCodeSourceCodeAccess
LogPluginManager: Mounting plugin AssetManagerEditor
LogPluginManager: Mounting plugin CryptoKeys
LogPluginManager: Mounting plugin CurveEditorTools
LogPluginManager: Mounting plugin DataValidation
LogPluginManager: Mounting plugin EditorScriptingUtilities
LogPluginManager: Mounting plugin FacialAnimation
LogPluginManager: Mounting plugin GameplayTagsEditor
LogPluginManager: Mounting plugin GeometryMode
LogPluginManager: Mounting plugin MacGraphicsSwitching
LogPluginManager: Mounting plugin MaterialAnalyzer
LogPluginManager: Mounting plugin MobileLauncherProfileWizard
LogPluginManager: Mounting plugin PluginBrowser
LogPluginManager: Mounting plugin SpeedTreeImporter
LogPluginManager: Mounting plugin DatasmithContent
LogPluginManager: Mounting plugin VariantManagerContent
LogPluginManager: Mounting plugin AlembicImporter
LogPluginManager: Mounting plugin AutomationUtils
LogPluginManager: Mounting plugin BackChannel
LogPluginManager: Mounting plugin ChaosCloth
LogPluginManager: Mounting plugin ChaosClothEditor
LogPluginManager: Mounting plugin ChaosEditor
LogPluginManager: Mounting plugin ChaosNiagara
LogPluginManager: Mounting plugin ChaosSolverPlugin
LogPluginManager: Mounting plugin CharacterAI
LogPluginManager: Mounting plugin GeometryCache
LogPluginManager: Mounting plugin GeometryCollectionPlugin
LogPluginManager: Mounting plugin GeometryProcessing
LogPluginManager: Mounting plugin PlanarCut
LogPluginManager: Mounting plugin PlatformCrypto
LogPluginManager: Mounting plugin ProxyLODPlugin
LogPluginManager: Mounting plugin SkeletalReduction
LogPluginManager: Mounting plugin Niagara
LogPluginManager: Mounting plugin MagicLeap
LogPluginManager: Mounting plugin MagicLeapLightEstimation
LogPluginManager: Mounting plugin MagicLeapMedia
LogPluginManager: Mounting plugin MagicLeapPassableWorld
LogPluginManager: Mounting plugin MLSDK
LogPluginManager: Mounting plugin AndroidMedia
LogPluginManager: Mounting plugin AvfMedia
LogPluginManager: Mounting plugin ImgMedia
LogPluginManager: Mounting plugin MediaCompositing
LogPluginManager: Mounting plugin MediaPlayerEditor
LogPluginManager: Mounting plugin WebMMedia
LogPluginManager: Mounting plugin WmfMedia
LogPluginManager: Mounting plugin MeshPainting
LogPluginManager: Mounting plugin TcpMessaging
LogPluginManager: Mounting plugin UdpMessaging
LogPluginManager: Mounting plugin ActorSequence
LogPluginManager: Mounting plugin LevelSequenceEditor
LogPluginManager: Mounting plugin MatineeToLevelSequence
LogPluginManager: Mounting plugin MovieRenderPipeline
LogPluginManager: Mounting plugin TemplateSequence
LogPluginManager: Mounting plugin NetcodeUnitTest
LogPluginManager: Mounting plugin NUTUnrealEngine4
LogPluginManager: Mounting plugin OnlineSubsystemGooglePlay
LogPluginManager: Mounting plugin OnlineSubsystemIOS
LogPluginManager: Mounting plugin OnlineSubsystem
LogPluginManager: Mounting plugin OnlineSubsystemNull
LogPluginManager: Mounting plugin OnlineSubsystemUtils
LogPluginManager: Mounting plugin LauncherChunkInstaller
LogPluginManager: Mounting plugin AndroidDeviceProfileSelector
LogPluginManager: Mounting plugin AndroidMoviePlayer
LogPluginManager: Mounting plugin AndroidPermission
LogPluginManager: Mounting plugin AppleImageUtils
LogPluginManager: Mounting plugin AppleMoviePlayer
LogPluginManager: Mounting plugin ArchVisCharacter
LogPluginManager: Mounting plugin AssetTags
LogPluginManager: Mounting plugin AudioCapture
LogPluginManager: Mounting plugin CableComponent
LogPluginManager: Mounting plugin CustomMeshComponent
LogPluginManager: Mounting plugin EditableMesh
LogPluginManager: Mounting plugin ExampleDeviceProfileSelector
LogPluginManager: Mounting plugin GoogleCloudMessaging
LogPluginManager: Mounting plugin GooglePAD
LogPluginManager: Mounting plugin IOSDeviceProfileSelector
LogPluginManager: Mounting plugin LinuxDeviceProfileSelector
LogPluginManager: Mounting plugin LocationServicesBPLibrary
LogPluginManager: Mounting plugin MobilePatchingUtils
LogPluginManager: Mounting plugin OculusVR
LogPluginManager: Mounting plugin PhysXVehicles
LogPluginManager: Mounting plugin PostSplashScreen
LogPluginManager: Mounting plugin ProceduralMeshComponent
LogPluginManager: Mounting plugin RuntimePhysXCooking
LogPluginManager: Mounting plugin SignificanceManager
LogPluginManager: Mounting plugin SoundFields
LogPluginManager: Mounting plugin SteamVR
LogPluginManager: Mounting plugin Synthesis
LogPluginManager: Mounting plugin WebMMoviePlayer
LogPluginManager: Mounting plugin WindowsMoviePlayer
LogPluginManager: Mounting plugin ScreenshotTools
LogInit: Using libcurl 7.55.1-DEV
LogInit:  - built for x86_64-pc-win32
LogInit:  - supports SSL with OpenSSL/1.1.1
LogInit:  - supports HTTP deflate (compression) using libz 1.2.8
LogInit:  - other features:
LogInit:      CURL_VERSION_SSL
LogInit:      CURL_VERSION_LIBZ
LogInit:      CURL_VERSION_IPV6
LogInit:      CURL_VERSION_ASYNCHDNS
LogInit:      CURL_VERSION_LARGEFILE
LogInit:      CURL_VERSION_IDN
LogInit:  CurlRequestOptions (configurable via config and command line):
LogInit:  - bVerifyPeer = true  - Libcurl will verify peer certificate
LogInit:  - bUseHttpProxy = false  - Libcurl will NOT use HTTP proxy
LogInit:  - bDontReuseConnections = false  - Libcurl will reuse connections
LogInit:  - MaxHostConnections = 16  - Libcurl will limit the number of connections to a host
LogInit:  - LocalHostAddr = Default
LogInit:  - BufferSize = 65536
LogOnline: OSS: Creating online subsystem instance for: NULL
LogInit: WinSock: version 1.1 (2.2), MaxSocks=32767, MaxUdp=65467
LogOnline: OSS: TryLoadSubsystemAndSetDefault: Loaded subsystem for module [NULL]
LogInit: Build: ++UE4+Release-4.25-CL-13942748
LogInit: Engine Version: 4.25.3-13942748+++UE4+Release-4.25
LogInit: Compatible Engine Version: 4.25.0-13144385+++UE4+Release-4.25
LogInit: Net CL: 13144385
LogInit: OS: Windows 10 (Release 1909) (), CPU: Intel(R) Pentium(R) Silver N5000 CPU @ 1.10GHz, GPU: Intel(R) UHD Graphics 605
LogInit: Compiled (64-bit): Jul 25 2020 02:07:48
LogInit: Compiled with Visual C++: 19.24.28315.00
LogInit: Build Configuration: Development
LogInit: Branch Name: ++UE4+Release-4.25
LogInit: Command Line: 
LogInit: Base Directory: D:/UnrealEngine/UE_4.25/Engine/Binaries/Win64/
LogInit: Allocator: TBB
LogInit: Installed Engine Build: 1
LogDevObjectVersion: Number of dev versions registered: 26
LogDevObjectVersion:   Dev-Blueprints (B0D832E4-1F89-4F0D-ACCF-7EB736FD4AA2): 10
LogDevObjectVersion:   Dev-Build (E1C64328-A22C-4D53-A36C-8E866417BD8C): 0
LogDevObjectVersion:   Dev-Core (375EC13C-06E4-48FB-B500-84F0262A717E): 4
LogDevObjectVersion:   Dev-Editor (E4B068ED-F494-42E9-A231-DA0B2E46BB41): 38
LogDevObjectVersion:   Dev-Framework (CFFC743F-43B0-4480-9391-14DF171D2073): 37
LogDevObjectVersion:   Dev-Mobile (B02B49B5-BB20-44E9-A304-32B752E40360): 2
LogDevObjectVersion:   Dev-Networking (A4E4105C-59A1-49B5-A7C5-40C4547EDFEE): 0
LogDevObjectVersion:   Dev-Online (39C831C9-5AE6-47DC-9A44-9C173E1C8E7C): 0
LogDevObjectVersion:   Dev-Physics (78F01B33-EBEA-4F98-B9B4-84EACCB95AA2): 4
LogDevObjectVersion:   Dev-Platform (6631380F-2D4D-43E0-8009-CF276956A95A): 0
LogDevObjectVersion:   Dev-Rendering (12F88B9F-8875-4AFC-A67C-D90C383ABD29): 43
LogDevObjectVersion:   Dev-Sequencer (7B5AE74C-D270-4C10-A958-57980B212A5A): 12
LogDevObjectVersion:   Dev-VR (D7296918-1DD6-4BDD-9DE2-64A83CC13884): 3
LogDevObjectVersion:   Dev-LoadTimes (C2A15278-BFE7-4AFE-6C17-90FF531DF755): 1
LogDevObjectVersion:   Private-Geometry (6EACA3D4-40EC-4CC1-B786-8BED09428FC5): 3
LogDevObjectVersion:   Dev-AnimPhys (29E575DD-E0A3-4627-9D10-D276232CDCEA): 17
LogDevObjectVersion:   Dev-Anim (AF43A65D-7FD3-4947-9873-3E8ED9C1BB05): 7
LogDevObjectVersion:   Dev-ReflectionCapture (6B266CEC-1EC7-4B8F-A30B-E4D90942FC07): 1
LogDevObjectVersion:   Dev-Automation (0DF73D61-A23F-47EA-B727-89E90C41499A): 1
LogDevObjectVersion:   FortniteMain (601D1886-AC64-4F84-AA16-D3DE0DEAC7D6): 31
LogDevObjectVersion:   Dev-Enterprise (9DFFBCD6-494F-0158-E221-12823C92A888): 10
LogDevObjectVersion:   Dev-Niagara (F2AED0AC-9AFE-416F-8664-AA7FFA26D6FC): 1
LogDevObjectVersion:   Dev-Destruction (174F1F0B-B4C6-45A5-B13F-2EE8D0FB917D): 10
LogDevObjectVersion:   Dev-Physics-Ext (35F94A83-E258-406C-A318-09F59610247C): 37
LogDevObjectVersion:   Dev-PhysicsMaterial-Chaos (B68FC16E-8B1B-42E2-B453-215C058844FE): 1
LogDevObjectVersion:   Dev-CineCamera (B2E18506-4273-CFC2-A54E-F4BB758BBA07): 1
LogInit: Presizing for max 25165824 objects, including 0 objects not considered by GC, pre-allocating 0 bytes for permanent pool.
LogConfig: Applying CVar settings from Section [/Script/Engine.StreamingSettings] File [D:/MazeBall/MazeBall/Saved/Config/Windows/Engine.ini]
LogConfig: Setting CVar [[s.MinBulkDataSizeForAsyncLoading:131072]]
LogConfig: Setting CVar [[s.AsyncLoadingThreadEnabled:0]]
LogConfig: Setting CVar [[s.EventDrivenLoaderEnabled:1]]
LogConfig: Setting CVar [[s.WarnIfTimeLimitExceeded:0]]
LogConfig: Setting CVar [[s.TimeLimitExceededMultiplier:1.5]]
LogConfig: Setting CVar [[s.TimeLimitExceededMinTime:0.005]]
LogConfig: Setting CVar [[s.UseBackgroundLevelStreaming:1]]
LogConfig: Setting CVar [[s.PriorityAsyncLoadingExtraTime:15.0]]
LogConfig: Setting CVar [[s.LevelStreamingActorsUpdateTimeLimit:5.0]]
LogConfig: Setting CVar [[s.PriorityLevelStreamingActorsUpdateExtraTime:5.0]]
LogConfig: Setting CVar [[s.LevelStreamingComponentsRegistrationGranularity:10]]
LogConfig: Setting CVar [[s.UnregisterComponentsTimeLimit:1.0]]
LogConfig: Setting CVar [[s.LevelStreamingComponentsUnregistrationGranularity:5]]
LogConfig: Setting CVar [[s.FlushStreamingOnExit:1]]
LogInit: Object subsystem initialized
LogConfig: Setting CVar [[con.DebugEarlyDefault:1]]
LogConfig: Setting CVar [[r.setres:1280x720]]
[2020.10.27-18.08.36:214][  0]LogConfig: Setting CVar [[r.VSync:0]]
[2020.10.27-18.08.36:214][  0]LogConfig: Setting CVar [[r.RHICmdBypass:0]]
[2020.10.27-18.08.36:214][  0]LogConfig: Applying CVar settings from Section [/Script/Engine.RendererSettings] File [D:/MazeBall/MazeBall/Saved/Config/Windows/Engine.ini]
[2020.10.27-18.08.36:214][  0]LogConfig: Setting CVar [[r.GPUCrashDebugging:0]]
[2020.10.27-18.08.36:215][  0]LogConfig: Applying CVar settings from Section [/Script/Engine.RendererOverrideSettings] File [D:/MazeBall/MazeBall/Saved/Config/Windows/Engine.ini]
[2020.10.27-18.08.36:215][  0]LogConfig: Applying CVar settings from Section [/Script/Engine.StreamingSettings] File [D:/MazeBall/MazeBall/Saved/Config/Windows/Engine.ini]
[2020.10.27-18.08.36:215][  0]LogConfig: Setting CVar [[s.MinBulkDataSizeForAsyncLoading:131072]]
[2020.10.27-18.08.36:215][  0]LogConfig: Setting CVar [[s.AsyncLoadingThreadEnabled:0]]
[2020.10.27-18.08.36:215][  0]LogConfig: Setting CVar [[s.EventDrivenLoaderEnabled:1]]
[2020.10.27-18.08.36:215][  0]LogConfig: Setting CVar [[s.WarnIfTimeLimitExceeded:0]]
[2020.10.27-18.08.36:215][  0]LogConfig: Setting CVar [[s.TimeLimitExceededMultiplier:1.5]]
[2020.10.27-18.08.36:215][  0]LogConfig: Setting CVar [[s.TimeLimitExceededMinTime:0.005]]
[2020.10.27-18.08.36:215][  0]LogConfig: Setting CVar [[s.UseBackgroundLevelStreaming:1]]
[2020.10.27-18.08.36:215][  0]LogConfig: Setting CVar [[s.PriorityAsyncLoadingExtraTime:15.0]]
[2020.10.27-18.08.36:215][  0]LogConfig: Setting CVar [[s.LevelStreamingActorsUpdateTimeLimit:5.0]]
[2020.10.27-18.08.36:215][  0]LogConfig: Setting CVar [[s.PriorityLevelStreamingActorsUpdateExtraTime:5.0]]
[2020.10.27-18.08.36:215][  0]LogConfig: Setting CVar [[s.LevelStreamingComponentsRegistrationGranularity:10]]
[2020.10.27-18.08.36:215][  0]LogConfig: Setting CVar [[s.UnregisterComponentsTimeLimit:1.0]]
[2020.10.27-18.08.36:215][  0]LogConfig: Setting CVar [[s.LevelStreamingComponentsUnregistrationGranularity:5]]
[2020.10.27-18.08.36:215][  0]LogConfig: Setting CVar [[s.FlushStreamingOnExit:1]]
[2020.10.27-18.08.36:215][  0]LogConfig: Applying CVar settings from Section [/Script/Engine.GarbageCollectionSettings] File [D:/MazeBall/MazeBall/Saved/Config/Windows/Engine.ini]
[2020.10.27-18.08.36:215][  0]LogConfig: Setting CVar [[gc.MaxObjectsNotConsideredByGC:1]]
[2020.10.27-18.08.36:215][  0]LogConfig: Setting CVar [[gc.SizeOfPermanentObjectPool:0]]
[2020.10.27-18.08.36:215][  0]LogConfig: Setting CVar [[gc.FlushStreamingOnGC:0]]
[2020.10.27-18.08.36:215][  0]LogConfig: Setting CVar [[gc.NumRetriesBeforeForcingGC:10]]
[2020.10.27-18.08.36:215][  0]LogConfig: Setting CVar [[gc.AllowParallelGC:1]]
[2020.10.27-18.08.36:215][  0]LogConfig: Setting CVar [[gc.TimeBetweenPurgingPendingKillObjects:61.1]]
[2020.10.27-18.08.36:215][  0]LogConfig: Setting CVar [[gc.MaxObjectsInEditor:25165824]]
[2020.10.27-18.08.36:215][  0]LogConfig: Setting CVar [[gc.IncrementalBeginDestroyEnabled:1]]
[2020.10.27-18.08.36:215][  0]LogConfig: Setting CVar [[gc.CreateGCClusters:1]]
[2020.10.27-18.08.36:215][  0]LogConfig: Setting CVar [[gc.MinGCClusterSize:5]]
[2020.10.27-18.08.36:215][  0]LogConfig: Setting CVar [[gc.ActorClusteringEnabled:0]]
[2020.10.27-18.08.36:215][  0]LogConfig: Setting CVar [[gc.BlueprintClusteringEnabled:0]]
[2020.10.27-18.08.36:215][  0]LogConfig: Setting CVar [[gc.UseDisregardForGCOnDedicatedServers:0]]
[2020.10.27-18.08.36:215][  0]LogConfig: Applying CVar settings from Section [/Script/Engine.NetworkSettings] File [D:/MazeBall/MazeBall/Saved/Config/Windows/Engine.ini]
[2020.10.27-18.08.36:216][  0]LogConfig: Applying CVar settings from Section [/Script/UnrealEd.CookerSettings] File [D:/MazeBall/MazeBall/Saved/Config/Windows/Engine.ini]
[2020.10.27-18.08.36:232][  0]LogConfig: Applying CVar settings from Section [ViewDistanceQuality@3] File [D:/MazeBall/MazeBall/Saved/Config/Windows/Scalability.ini]
[2020.10.27-18.08.36:232][  0]LogConfig: Setting CVar [[r.SkeletalMeshLODBias:0]]
[2020.10.27-18.08.36:232][  0]LogConfig: Setting CVar [[r.ViewDistanceScale:1.0]]
[2020.10.27-18.08.36:232][  0]LogConfig: Applying CVar settings from Section [AntiAliasingQuality@3] File [D:/MazeBall/MazeBall/Saved/Config/Windows/Scalability.ini]
[2020.10.27-18.08.36:232][  0]LogConfig: Setting CVar [[r.PostProcessAAQuality:4]]
[2020.10.27-18.08.36:232][  0]LogConfig: Applying CVar settings from Section [ShadowQuality@3] File [D:/MazeBall/MazeBall/Saved/Config/Windows/Scalability.ini]
[2020.10.27-18.08.36:232][  0]LogConfig: Setting CVar [[r.LightFunctionQuality:1]]
[2020.10.27-18.08.36:232][  0]LogConfig: Setting CVar [[r.ShadowQuality:5]]
[2020.10.27-18.08.36:232][  0]LogConfig: Setting CVar [[r.Shadow.CSM.MaxCascades:10]]
[2020.10.27-18.08.36:232][  0]LogConfig: Setting CVar [[r.Shadow.MaxResolution:2048]]
[2020.10.27-18.08.36:232][  0]LogConfig: Setting CVar [[r.Shadow.MaxCSMResolution:2048]]
[2020.10.27-18.08.36:232][  0]LogConfig: Setting CVar [[r.Shadow.RadiusThreshold:0.01]]
[2020.10.27-18.08.36:232][  0]LogConfig: Setting CVar [[r.Shadow.DistanceScale:1.0]]
[2020.10.27-18.08.36:233][  0]LogConfig: Setting CVar [[r.Shadow.CSM.TransitionScale:1.0]]
[2020.10.27-18.08.36:233][  0]LogConfig: Setting CVar [[r.Shadow.PreShadowResolutionFactor:1.0]]
[2020.10.27-18.08.36:233][  0]LogConfig: Setting CVar [[r.DistanceFieldShadowing:1]]
[2020.10.27-18.08.36:233][  0]LogConfig: Setting CVar [[r.DistanceFieldAO:1]]
[2020.10.27-18.08.36:233][  0]LogConfig: Setting CVar [[r.AOQuality:2]]
[2020.10.27-18.08.36:233][  0]LogConfig: Setting CVar [[r.VolumetricFog:1]]
[2020.10.27-18.08.36:233][  0]LogConfig: Setting CVar [[r.VolumetricFog.GridPixelSize:8]]
[2020.10.27-18.08.36:233][  0]LogConfig: Setting CVar [[r.VolumetricFog.GridSizeZ:128]]
[2020.10.27-18.08.36:233][  0]LogConfig: Setting CVar [[r.VolumetricFog.HistoryMissSupersampleCount:4]]
[2020.10.27-18.08.36:233][  0]LogConfig: Setting CVar [[r.LightMaxDrawDistanceScale:1]]
[2020.10.27-18.08.36:233][  0]LogConfig: Setting CVar [[r.CapsuleShadows:1]]
[2020.10.27-18.08.36:233][  0]LogConfig: Applying CVar settings from Section [PostProcessQuality@3] File [D:/MazeBall/MazeBall/Saved/Config/Windows/Scalability.ini]
[2020.10.27-18.08.36:233][  0]LogConfig: Setting CVar [[r.MotionBlurQuality:4]]
[2020.10.27-18.08.36:233][  0]LogConfig: Setting CVar [[r.AmbientOcclusionMipLevelFactor:0.4]]
[2020.10.27-18.08.36:233][  0]LogConfig: Setting CVar [[r.AmbientOcclusionMaxQuality:100]]
[2020.10.27-18.08.36:233][  0]LogConfig: Setting CVar [[r.AmbientOcclusionLevels:-1]]
[2020.10.27-18.08.36:233][  0]LogConfig: Setting CVar [[r.AmbientOcclusionRadiusScale:1.0]]
[2020.10.27-18.08.36:233][  0]LogConfig: Setting CVar [[r.DepthOfFieldQuality:2]]
[2020.10.27-18.08.36:233][  0]LogConfig: Setting CVar [[r.RenderTargetPoolMin:400]]
[2020.10.27-18.08.36:233][  0]LogConfig: Setting CVar [[r.LensFlareQuality:2]]
[2020.10.27-18.08.36:233][  0]LogConfig: Setting CVar [[r.SceneColorFringeQuality:1]]
[2020.10.27-18.08.36:233][  0]LogConfig: Setting CVar [[r.EyeAdaptationQuality:2]]
[2020.10.27-18.08.36:233][  0]LogConfig: Setting CVar [[r.BloomQuality:5]]
[2020.10.27-18.08.36:233][  0]LogConfig: Setting CVar [[r.FastBlurThreshold:100]]
[2020.10.27-18.08.36:233][  0]LogConfig: Setting CVar [[r.Upscale.Quality:3]]
[2020.10.27-18.08.36:233][  0]LogConfig: Setting CVar [[r.Tonemapper.GrainQuantization:1]]
[2020.10.27-18.08.36:233][  0]LogConfig: Setting CVar [[r.LightShaftQuality:1]]
[2020.10.27-18.08.36:233][  0]LogConfig: Setting CVar [[r.Filter.SizeScale:1]]
[2020.10.27-18.08.36:233][  0]LogConfig: Setting CVar [[r.Tonemapper.Quality:5]]
[2020.10.27-18.08.36:233][  0]LogConfig: Setting CVar [[r.DOF.Gather.AccumulatorQuality:1        ; higher gathering accumulator quality]]
[2020.10.27-18.08.36:233][  0]LogConfig: Setting CVar [[r.DOF.Gather.PostfilterMethod:1          ; Median3x3 postfilering method]]
[2020.10.27-18.08.36:233][  0]LogConfig: Setting CVar [[r.DOF.Gather.EnableBokehSettings:0       ; no bokeh simulation when gathering]]
[2020.10.27-18.08.36:234][  0]LogConfig: Setting CVar [[r.DOF.Gather.RingCount:4                 ; medium number of samples when gathering]]
[2020.10.27-18.08.36:234][  0]LogConfig: Setting CVar [[r.DOF.Scatter.ForegroundCompositing:1    ; additive foreground scattering]]
[2020.10.27-18.08.36:234][  0]LogConfig: Setting CVar [[r.DOF.Scatter.BackgroundCompositing:2    ; additive background scattering]]
[2020.10.27-18.08.36:234][  0]LogConfig: Setting CVar [[r.DOF.Scatter.EnableBokehSettings:1      ; bokeh simulation when scattering]]
[2020.10.27-18.08.36:234][  0]LogConfig: Setting CVar [[r.DOF.Scatter.MaxSpriteRatio:0.1         ; only a maximum of 10% of scattered bokeh]]
[2020.10.27-18.08.36:234][  0]LogConfig: Setting CVar [[r.DOF.Recombine.Quality:1                ; cheap slight out of focus]]
[2020.10.27-18.08.36:234][  0]LogConfig: Setting CVar [[r.DOF.Recombine.EnableBokehSettings:0    ; no bokeh simulation on slight out of focus]]
[2020.10.27-18.08.36:234][  0]LogConfig: Setting CVar [[r.DOF.TemporalAAQuality:1                ; more stable temporal accumulation]]
[2020.10.27-18.08.36:234][  0]LogConfig: Setting CVar [[r.DOF.Kernel.MaxForegroundRadius:0.025]]
[2020.10.27-18.08.36:234][  0]LogConfig: Setting CVar [[r.DOF.Kernel.MaxBackgroundRadius:0.025]]
[2020.10.27-18.08.36:234][  0]LogConfig: Applying CVar settings from Section [TextureQuality@3] File [D:/MazeBall/MazeBall/Saved/Config/Windows/Scalability.ini]
[2020.10.27-18.08.36:234][  0]LogConfig: Setting CVar [[r.Streaming.MipBias:0]]
[2020.10.27-18.08.36:234][  0]LogConfig: Setting CVar [[r.Streaming.AmortizeCPUToGPUCopy:0]]
[2020.10.27-18.08.36:234][  0]LogConfig: Setting CVar [[r.Streaming.MaxNumTexturesToStreamPerFrame:0]]
[2020.10.27-18.08.36:234][  0]LogConfig: Setting CVar [[r.Streaming.Boost:1]]
[2020.10.27-18.08.36:234][  0]LogConfig: Setting CVar [[r.MaxAnisotropy:8]]
[2020.10.27-18.08.36:234][  0]LogConfig: Setting CVar [[r.VT.MaxAnisotropy:8]]
[2020.10.27-18.08.36:234][  0]LogConfig: Setting CVar [[r.Streaming.LimitPoolSizeToVRAM:0]]
[2020.10.27-18.08.36:234][  0]LogConfig: Setting CVar [[r.Streaming.PoolSize:1000]]
[2020.10.27-18.08.36:234][  0]LogConfig: Setting CVar [[r.Streaming.MaxEffectiveScreenSize:0]]
[2020.10.27-18.08.36:234][  0]LogConfig: Applying CVar settings from Section [EffectsQuality@3] File [D:/MazeBall/MazeBall/Saved/Config/Windows/Scalability.ini]
[2020.10.27-18.08.36:234][  0]LogConfig: Setting CVar [[r.TranslucencyLightingVolumeDim:64]]
[2020.10.27-18.08.36:234][  0]LogConfig: Setting CVar [[r.RefractionQuality:2]]
[2020.10.27-18.08.36:234][  0]LogConfig: Setting CVar [[r.SSR.Quality:3]]
[2020.10.27-18.08.36:234][  0]LogConfig: Setting CVar [[r.SSR.HalfResSceneColor:0]]
[2020.10.27-18.08.36:234][  0]LogConfig: Setting CVar [[r.SceneColorFormat:4]]
[2020.10.27-18.08.36:234][  0]LogConfig: Setting CVar [[r.DetailMode:2]]
[2020.10.27-18.08.36:234][  0]LogConfig: Setting CVar [[r.TranslucencyVolumeBlur:1]]
[2020.10.27-18.08.36:234][  0]LogConfig: Setting CVar [[r.MaterialQualityLevel:1 ; High quality]]
[2020.10.27-18.08.36:234][  0]LogConfig: Setting CVar [[r.SSS.Scale:1]]
[2020.10.27-18.08.36:234][  0]LogConfig: Setting CVar [[r.SSS.SampleSet:2]]
[2020.10.27-18.08.36:235][  0]LogConfig: Setting CVar [[r.SSS.Quality:1]]
[2020.10.27-18.08.36:235][  0]LogConfig: Setting CVar [[r.SSS.HalfRes:0]]
[2020.10.27-18.08.36:235][  0]LogConfig: Setting CVar [[r.SSGI.Quality:3]]
[2020.10.27-18.08.36:235][  0]LogConfig: Setting CVar [[r.EmitterSpawnRateScale:1.0]]
[2020.10.27-18.08.36:235][  0]LogConfig: Setting CVar [[r.ParticleLightQuality:2]]
[2020.10.27-18.08.36:235][  0]LogConfig: Setting CVar [[r.SkyAtmosphere.AerialPerspectiveLUT.FastApplyOnOpaque:1 ; Always have FastSkyLUT 1 in this case to avoid wrong sky]]
[2020.10.27-18.08.36:235][  0]LogConfig: Setting CVar [[r.SkyAtmosphere.AerialPerspectiveLUT.SampleCountPerSlice:1]]
[2020.10.27-18.08.36:235][  0]LogConfig: Setting CVar [[r.SkyAtmosphere.AerialPerspectiveLUT.DepthResolution:16.0]]
[2020.10.27-18.08.36:235][  0]LogConfig: Setting CVar [[r.SkyAtmosphere.FastSkyLUT:1]]
[2020.10.27-18.08.36:235][  0]LogConfig: Setting CVar [[r.SkyAtmosphere.FastSkyLUT.SampleCountMin:4.0]]
[2020.10.27-18.08.36:235][  0]LogConfig: Setting CVar [[r.SkyAtmosphere.FastSkyLUT.SampleCountMax:32.0]]
[2020.10.27-18.08.36:235][  0]LogConfig: Setting CVar [[r.SkyAtmosphere.SampleCountMin:4.0]]
[2020.10.27-18.08.36:235][  0]LogConfig: Setting CVar [[r.SkyAtmosphere.SampleCountMax:32.0]]
[2020.10.27-18.08.36:235][  0]LogConfig: Setting CVar [[r.SkyAtmosphere.TransmittanceLUT.UseSmallFormat:0]]
[2020.10.27-18.08.36:235][  0]LogConfig: Setting CVar [[r.SkyAtmosphere.TransmittanceLUT.SampleCount:10.0]]
[2020.10.27-18.08.36:235][  0]LogConfig: Setting CVar [[r.SkyAtmosphere.MultiScatteringLUT.SampleCount:15.0]]
[2020.10.27-18.08.36:235][  0]LogConfig: Applying CVar settings from Section [FoliageQuality@3] File [D:/MazeBall/MazeBall/Saved/Config/Windows/Scalability.ini]
[2020.10.27-18.08.36:235][  0]LogConfig: Setting CVar [[foliage.DensityScale:1.0]]
[2020.10.27-18.08.36:235][  0]LogConfig: Setting CVar [[grass.DensityScale:1.0]]
[2020.10.27-18.08.36:235][  0]LogConfig: Applying CVar settings from Section [ShadingQuality@3] File [D:/MazeBall/MazeBall/Saved/Config/Windows/Scalability.ini]
[2020.10.27-18.08.36:235][  0]LogConfig: Setting CVar [[r.HairStrands.SkyLighting.SampleCount:16]]
[2020.10.27-18.08.36:235][  0]LogConfig: Setting CVar [[r.HairStrands.SkyLighting.JitterIntegration:0]]
[2020.10.27-18.08.36:235][  0]LogConfig: Setting CVar [[r.HairStrands.SkyAO.SampleCount:16]]
[2020.10.27-18.08.36:235][  0]LogConfig: Setting CVar [[r.HairStrands.DeepShadow.SuperSampling:0]]
[2020.10.27-18.08.36:235][  0]LogConfig: Setting CVar [[r.HairStrands.VisibilityPPLL:0]]
[2020.10.27-18.08.36:235][  0]LogConfig: Setting CVar [[r.HairStrands.RasterizationScale:0.5]]
[2020.10.27-18.08.36:235][  0]LogConfig: Setting CVar [[r.HairStrands.VelocityRasterizationScale:1]]
[2020.10.27-18.08.36:235][  0]LogInit: Selected Device Profile: [Windows]
[2020.10.27-18.08.36:235][  0]LogInit: Applying CVar settings loaded from the selected device profile: [Windows]
[2020.10.27-18.08.36:236][  0]LogHAL: Display: Platform has ~ 4 GB [4092243968 / 4294967296 / 4], which maps to Smallest [LargestMinGB=32, LargerMinGB=12, DefaultMinGB=8, SmallerMinGB=6, SmallestMinGB=0)
[2020.10.27-18.08.36:236][  0]LogInit: Going up to parent DeviceProfile []
[2020.10.27-18.08.36:236][  0]LogConfig: Applying CVar settings from Section [ViewDistanceQuality@3] File [D:/MazeBall/MazeBall/Saved/Config/Windows/Scalability.ini]
[2020.10.27-18.08.36:236][  0]LogConfig: Setting CVar [[r.SkeletalMeshLODBias:0]]
[2020.10.27-18.08.36:236][  0]LogConfig: Setting CVar [[r.ViewDistanceScale:1.0]]
[2020.10.27-18.08.36:236][  0]LogConfig: Applying CVar settings from Section [AntiAliasingQuality@3] File [D:/MazeBall/MazeBall/Saved/Config/Windows/Scalability.ini]
[2020.10.27-18.08.36:236][  0]LogConfig: Setting CVar [[r.PostProcessAAQuality:4]]
[2020.10.27-18.08.36:236][  0]LogConfig: Applying CVar settings from Section [ShadowQuality@3] File [D:/MazeBall/MazeBall/Saved/Config/Windows/Scalability.ini]
[2020.10.27-18.08.36:236][  0]LogConfig: Setting CVar [[r.LightFunctionQuality:1]]
[2020.10.27-18.08.36:236][  0]LogConfig: Setting CVar [[r.ShadowQuality:5]]
[2020.10.27-18.08.36:236][  0]LogConfig: Setting CVar [[r.Shadow.CSM.MaxCascades:10]]
[2020.10.27-18.08.36:236][  0]LogConfig: Setting CVar [[r.Shadow.MaxResolution:2048]]
[2020.10.27-18.08.36:236][  0]LogConfig: Setting CVar [[r.Shadow.MaxCSMResolution:2048]]
[2020.10.27-18.08.36:236][  0]LogConfig: Setting CVar [[r.Shadow.RadiusThreshold:0.01]]
[2020.10.27-18.08.36:236][  0]LogConfig: Setting CVar [[r.Shadow.DistanceScale:1.0]]
[2020.10.27-18.08.36:236][  0]LogConfig: Setting CVar [[r.Shadow.CSM.TransitionScale:1.0]]
[2020.10.27-18.08.36:236][  0]LogConfig: Setting CVar [[r.Shadow.PreShadowResolutionFactor:1.0]]
[2020.10.27-18.08.36:236][  0]LogConfig: Setting CVar [[r.DistanceFieldShadowing:1]]
[2020.10.27-18.08.36:236][  0]LogConfig: Setting CVar [[r.DistanceFieldAO:1]]
[2020.10.27-18.08.36:236][  0]LogConfig: Setting CVar [[r.AOQuality:2]]
[2020.10.27-18.08.36:236][  0]LogConfig: Setting CVar [[r.VolumetricFog:1]]
[2020.10.27-18.08.36:236][  0]LogConfig: Setting CVar [[r.VolumetricFog.GridPixelSize:8]]
[2020.10.27-18.08.36:236][  0]LogConfig: Setting CVar [[r.VolumetricFog.GridSizeZ:128]]
[2020.10.27-18.08.36:236][  0]LogConfig: Setting CVar [[r.VolumetricFog.HistoryMissSupersampleCount:4]]
[2020.10.27-18.08.36:236][  0]LogConfig: Setting CVar [[r.LightMaxDrawDistanceScale:1]]
[2020.10.27-18.08.36:236][  0]LogConfig: Setting CVar [[r.CapsuleShadows:1]]
[2020.10.27-18.08.36:236][  0]LogConfig: Applying CVar settings from Section [PostProcessQuality@3] File [D:/MazeBall/MazeBall/Saved/Config/Windows/Scalability.ini]
[2020.10.27-18.08.36:236][  0]LogConfig: Setting CVar [[r.MotionBlurQuality:4]]
[2020.10.27-18.08.36:236][  0]LogConfig: Setting CVar [[r.AmbientOcclusionMipLevelFactor:0.4]]
[2020.10.27-18.08.36:237][  0]LogConfig: Setting CVar [[r.AmbientOcclusionMaxQuality:100]]
[2020.10.27-18.08.36:237][  0]LogConfig: Setting CVar [[r.AmbientOcclusionLevels:-1]]
[2020.10.27-18.08.36:237][  0]LogConfig: Setting CVar [[r.AmbientOcclusionRadiusScale:1.0]]
[2020.10.27-18.08.36:237][  0]LogConfig: Setting CVar [[r.DepthOfFieldQuality:2]]
[2020.10.27-18.08.36:237][  0]LogConfig: Setting CVar [[r.RenderTargetPoolMin:400]]
[2020.10.27-18.08.36:237][  0]LogConfig: Setting CVar [[r.LensFlareQuality:2]]
[2020.10.27-18.08.36:237][  0]LogConfig: Setting CVar [[r.SceneColorFringeQuality:1]]
[2020.10.27-18.08.36:237][  0]LogConfig: Setting CVar [[r.EyeAdaptationQuality:2]]
[2020.10.27-18.08.36:237][  0]LogConfig: Setting CVar [[r.BloomQuality:5]]
[2020.10.27-18.08.36:237][  0]LogConfig: Setting CVar [[r.FastBlurThreshold:100]]
[2020.10.27-18.08.36:237][  0]LogConfig: Setting CVar [[r.Upscale.Quality:3]]
[2020.10.27-18.08.36:237][  0]LogConfig: Setting CVar [[r.Tonemapper.GrainQuantization:1]]
[2020.10.27-18.08.36:237][  0]LogConfig: Setting CVar [[r.LightShaftQuality:1]]
[2020.10.27-18.08.36:237][  0]LogConfig: Setting CVar [[r.Filter.SizeScale:1]]
[2020.10.27-18.08.36:237][  0]LogConfig: Setting CVar [[r.Tonemapper.Quality:5]]
[2020.10.27-18.08.36:237][  0]LogConfig: Setting CVar [[r.DOF.Gather.AccumulatorQuality:1        ; higher gathering accumulator quality]]
[2020.10.27-18.08.36:237][  0]LogConfig: Setting CVar [[r.DOF.Gather.PostfilterMethod:1          ; Median3x3 postfilering method]]
[2020.10.27-18.08.36:237][  0]LogConfig: Setting CVar [[r.DOF.Gather.EnableBokehSettings:0       ; no bokeh simulation when gathering]]
[2020.10.27-18.08.36:237][  0]LogConfig: Setting CVar [[r.DOF.Gather.RingCount:4                 ; medium number of samples when gathering]]
[2020.10.27-18.08.36:237][  0]LogConfig: Setting CVar [[r.DOF.Scatter.ForegroundCompositing:1    ; additive foreground scattering]]
[2020.10.27-18.08.36:237][  0]LogConfig: Setting CVar [[r.DOF.Scatter.BackgroundCompositing:2    ; additive background scattering]]
[2020.10.27-18.08.36:237][  0]LogConfig: Setting CVar [[r.DOF.Scatter.EnableBokehSettings:1      ; bokeh simulation when scattering]]
[2020.10.27-18.08.36:237][  0]LogConfig: Setting CVar [[r.DOF.Scatter.MaxSpriteRatio:0.1         ; only a maximum of 10% of scattered bokeh]]
[2020.10.27-18.08.36:237][  0]LogConfig: Setting CVar [[r.DOF.Recombine.Quality:1                ; cheap slight out of focus]]
[2020.10.27-18.08.36:237][  0]LogConfig: Setting CVar [[r.DOF.Recombine.EnableBokehSettings:0    ; no bokeh simulation on slight out of focus]]
[2020.10.27-18.08.36:237][  0]LogConfig: Setting CVar [[r.DOF.TemporalAAQuality:1                ; more stable temporal accumulation]]
[2020.10.27-18.08.36:237][  0]LogConfig: Setting CVar [[r.DOF.Kernel.MaxForegroundRadius:0.025]]
[2020.10.27-18.08.36:237][  0]LogConfig: Setting CVar [[r.DOF.Kernel.MaxBackgroundRadius:0.025]]
[2020.10.27-18.08.36:237][  0]LogConfig: Applying CVar settings from Section [TextureQuality@3] File [D:/MazeBall/MazeBall/Saved/Config/Windows/Scalability.ini]
[2020.10.27-18.08.36:237][  0]LogConfig: Setting CVar [[r.Streaming.MipBias:0]]
[2020.10.27-18.08.36:237][  0]LogConfig: Setting CVar [[r.Streaming.AmortizeCPUToGPUCopy:0]]
[2020.10.27-18.08.36:237][  0]LogConfig: Setting CVar [[r.Streaming.MaxNumTexturesToStreamPerFrame:0]]
[2020.10.27-18.08.36:237][  0]LogConfig: Setting CVar [[r.Streaming.Boost:1]]
[2020.10.27-18.08.36:237][  0]LogConfig: Setting CVar [[r.MaxAnisotropy:8]]
[2020.10.27-18.08.36:238][  0]LogConfig: Setting CVar [[r.VT.MaxAnisotropy:8]]
[2020.10.27-18.08.36:238][  0]LogConfig: Setting CVar [[r.Streaming.LimitPoolSizeToVRAM:0]]
[2020.10.27-18.08.36:238][  0]LogConfig: Setting CVar [[r.Streaming.PoolSize:1000]]
[2020.10.27-18.08.36:238][  0]LogConfig: Setting CVar [[r.Streaming.MaxEffectiveScreenSize:0]]
[2020.10.27-18.08.36:238][  0]LogConfig: Applying CVar settings from Section [EffectsQuality@3] File [D:/MazeBall/MazeBall/Saved/Config/Windows/Scalability.ini]
[2020.10.27-18.08.36:238][  0]LogConfig: Setting CVar [[r.TranslucencyLightingVolumeDim:64]]
[2020.10.27-18.08.36:238][  0]LogConfig: Setting CVar [[r.RefractionQuality:2]]
[2020.10.27-18.08.36:238][  0]LogConfig: Setting CVar [[r.SSR.Quality:3]]
[2020.10.27-18.08.36:238][  0]LogConfig: Setting CVar [[r.SSR.HalfResSceneColor:0]]
[2020.10.27-18.08.36:238][  0]LogConfig: Setting CVar [[r.SceneColorFormat:4]]
[2020.10.27-18.08.36:238][  0]LogConfig: Setting CVar [[r.DetailMode:2]]
[2020.10.27-18.08.36:238][  0]LogConfig: Setting CVar [[r.TranslucencyVolumeBlur:1]]
[2020.10.27-18.08.36:238][  0]LogConfig: Setting CVar [[r.MaterialQualityLevel:1 ; High quality]]
[2020.10.27-18.08.36:238][  0]LogConfig: Setting CVar [[r.SSS.Scale:1]]
[2020.10.27-18.08.36:238][  0]LogConfig: Setting CVar [[r.SSS.SampleSet:2]]
[2020.10.27-18.08.36:238][  0]LogConfig: Setting CVar [[r.SSS.Quality:1]]
[2020.10.27-18.08.36:238][  0]LogConfig: Setting CVar [[r.SSS.HalfRes:0]]
[2020.10.27-18.08.36:238][  0]LogConfig: Setting CVar [[r.SSGI.Quality:3]]
[2020.10.27-18.08.36:238][  0]LogConfig: Setting CVar [[r.EmitterSpawnRateScale:1.0]]
[2020.10.27-18.08.36:238][  0]LogConfig: Setting CVar [[r.ParticleLightQuality:2]]
[2020.10.27-18.08.36:238][  0]LogConfig: Setting CVar [[r.SkyAtmosphere.AerialPerspectiveLUT.FastApplyOnOpaque:1 ; Always have FastSkyLUT 1 in this case to avoid wrong sky]]
[2020.10.27-18.08.36:238][  0]LogConfig: Setting CVar [[r.SkyAtmosphere.AerialPerspectiveLUT.SampleCountPerSlice:1]]
[2020.10.27-18.08.36:238][  0]LogConfig: Setting CVar [[r.SkyAtmosphere.AerialPerspectiveLUT.DepthResolution:16.0]]
[2020.10.27-18.08.36:238][  0]LogConfig: Setting CVar [[r.SkyAtmosphere.FastSkyLUT:1]]
[2020.10.27-18.08.36:238][  0]LogConfig: Setting CVar [[r.SkyAtmosphere.FastSkyLUT.SampleCountMin:4.0]]
[2020.10.27-18.08.36:238][  0]LogConfig: Setting CVar [[r.SkyAtmosphere.FastSkyLUT.SampleCountMax:32.0]]
[2020.10.27-18.08.36:238][  0]LogConfig: Setting CVar [[r.SkyAtmosphere.SampleCountMin:4.0]]
[2020.10.27-18.08.36:238][  0]LogConfig: Setting CVar [[r.SkyAtmosphere.SampleCountMax:32.0]]
[2020.10.27-18.08.36:238][  0]LogConfig: Setting CVar [[r.SkyAtmosphere.TransmittanceLUT.UseSmallFormat:0]]
[2020.10.27-18.08.36:238][  0]LogConfig: Setting CVar [[r.SkyAtmosphere.TransmittanceLUT.SampleCount:10.0]]
[2020.10.27-18.08.36:238][  0]LogConfig: Setting CVar [[r.SkyAtmosphere.MultiScatteringLUT.SampleCount:15.0]]
[2020.10.27-18.08.36:238][  0]LogConfig: Applying CVar settings from Section [FoliageQuality@3] File [D:/MazeBall/MazeBall/Saved/Config/Windows/Scalability.ini]
[2020.10.27-18.08.36:239][  0]LogConfig: Setting CVar [[foliage.DensityScale:1.0]]
[2020.10.27-18.08.36:239][  0]LogConfig: Setting CVar [[grass.DensityScale:1.0]]
[2020.10.27-18.08.36:239][  0]LogConfig: Applying CVar settings from Section [ShadingQuality@3] File [D:/MazeBall/MazeBall/Saved/Config/Windows/Scalability.ini]
[2020.10.27-18.08.36:239][  0]LogConfig: Setting CVar [[r.HairStrands.SkyLighting.SampleCount:16]]
[2020.10.27-18.08.36:239][  0]LogConfig: Setting CVar [[r.HairStrands.SkyLighting.JitterIntegration:0]]
[2020.10.27-18.08.36:239][  0]LogConfig: Setting CVar [[r.HairStrands.SkyAO.SampleCount:16]]
[2020.10.27-18.08.36:239][  0]LogConfig: Setting CVar [[r.HairStrands.DeepShadow.SuperSampling:0]]
[2020.10.27-18.08.36:239][  0]LogConfig: Setting CVar [[r.HairStrands.VisibilityPPLL:0]]
[2020.10.27-18.08.36:239][  0]LogConfig: Setting CVar [[r.HairStrands.RasterizationScale:0.5]]
[2020.10.27-18.08.36:239][  0]LogConfig: Setting CVar [[r.HairStrands.VelocityRasterizationScale:1]]
[2020.10.27-18.08.36:239][  0]LogConfig: Applying CVar settings from Section [Startup] File [../../../Engine/Config/ConsoleVariables.ini]
[2020.10.27-18.08.36:267][  0]LogConfig: Setting CVar [[net.UseAdaptiveNetUpdateFrequency:0]]
[2020.10.27-18.08.36:267][  0]LogConfig: Setting CVar [[p.chaos.AllowCreatePhysxBodies:1]]
[2020.10.27-18.08.36:267][  0]LogConfig: Setting CVar [[fx.SkipVectorVMBackendOptimizations:1]]
[2020.10.27-18.08.36:267][  0]LogConfig: Applying CVar settings from Section [ConsoleVariables] File [D:/MazeBall/MazeBall/Saved/Config/Windows/Engine.ini]
[2020.10.27-18.08.36:267][  0]LogInit: Computer: LAPTOP-70ON009M
[2020.10.27-18.08.36:267][  0]LogInit: User: Abisai
[2020.10.27-18.08.36:267][  0]LogInit: CPU Page size=4096, Cores=4
[2020.10.27-18.08.36:267][  0]LogInit: High frequency timer resolution =10.000000 MHz
[2020.10.27-18.08.36:268][  0]LogMemory: Memory total: Physical=3.8GB (4GB approx)
[2020.10.27-18.08.36:268][  0]LogMemory: Platform Memory Stats for Windows
[2020.10.27-18.08.36:268][  0]LogMemory: Process Physical Memory: 113.66 MB used, 113.66 MB peak
[2020.10.27-18.08.36:268][  0]LogMemory: Process Virtual Memory: 95.02 MB used, 95.02 MB peak
[2020.10.27-18.08.36:268][  0]LogMemory: Physical Memory: 2729.54 MB used,  1173.13 MB free, 3902.67 MB total
[2020.10.27-18.08.36:268][  0]LogMemory: Virtual Memory: 5126.78 MB used,  134212600.00 MB free, 134217728.00 MB total
[2020.10.27-18.08.36:275][  0]LogWindows: WindowsPlatformFeatures enabled
[2020.10.27-18.08.36:722][  0]LogInit: Physics initialised using underlying interface: PhysX
[2020.10.27-18.08.36:733][  0]LogInit: Using OS detected language (en-US).
[2020.10.27-18.08.36:733][  0]LogInit: Using OS detected locale (en-US).
[2020.10.27-18.08.36:844][  0]LogTextLocalizationManager: No specific localization for 'en-US' exists, so the 'en' localization will be used.
[2020.10.27-18.08.38:000][  0]LogInit: Setting process to per monitor DPI aware
[2020.10.27-18.08.38:336][  0]LogSlate: New Slate User Created.  User Index 0, Is Virtual User: 0
[2020.10.27-18.08.38:336][  0]LogSlate: Slate User Registered.  User Index 0, Is Virtual User: 0
[2020.10.27-18.08.45:506][  0]LogHMD: Failed to initialize OpenVR with code 110
[2020.10.27-18.08.45:506][  0]LogD3D11RHI: D3D11 min allowed feature level: 11_0
[2020.10.27-18.08.45:506][  0]LogD3D11RHI: D3D11 max allowed feature level: 11_0
[2020.10.27-18.08.45:507][  0]LogD3D11RHI: D3D11 adapters:
[2020.10.27-18.08.45:671][  0]LogD3D11RHI:    0. 'Intel(R) UHD Graphics 605' (Feature Level 11_0)
[2020.10.27-18.08.45:672][  0]LogD3D11RHI:       128/0/1951 MB DedicatedVideo/DedicatedSystem/SharedSystem, Outputs:1, VendorId:0x8086
[2020.10.27-18.08.45:676][  0]LogD3D11RHI:    1. 'Microsoft Basic Render Driver' (Feature Level 11_0)
[2020.10.27-18.08.45:676][  0]LogD3D11RHI:       0/0/1951 MB DedicatedVideo/DedicatedSystem/SharedSystem, Outputs:0, VendorId:0x1414
[2020.10.27-18.08.45:676][  0]LogD3D11RHI: Chosen D3D11 Adapter: 0
[2020.10.27-18.08.45:687][  0]LogD3D11RHI: Creating new Direct3DDevice
[2020.10.27-18.08.45:687][  0]LogD3D11RHI:     GPU DeviceId: 0x3184 (for the marketing name, search the web for "GPU Device Id")
[2020.10.27-18.08.45:687][  0]LogWindows: EnumDisplayDevices:
[2020.10.27-18.08.45:687][  0]LogWindows:    0. 'Intel(R) UHD Graphics 605' (P:1 D:1)
[2020.10.27-18.08.45:688][  0]LogWindows:    1. 'Intel(R) UHD Graphics 605' (P:0 D:0)
[2020.10.27-18.08.45:688][  0]LogWindows:    2. 'Intel(R) UHD Graphics 605' (P:0 D:0)
[2020.10.27-18.08.45:689][  0]LogWindows: DebugString: FoundDriverCount:3 
[2020.10.27-18.08.45:689][  0]LogD3D11RHI:     Adapter Name: Intel(R) UHD Graphics 605
[2020.10.27-18.08.45:689][  0]LogD3D11RHI:   Driver Version: 23.20.16.4927 (internal:23.20.16.4927, unified:23.20.16.4927)
[2020.10.27-18.08.45:689][  0]LogD3D11RHI:      Driver Date: 1-23-2018
[2020.10.27-18.08.45:689][  0]LogRHI: Texture pool is 772 MB (70% of 1103 MB)
[2020.10.27-18.08.45:762][  0]LogD3D11RHI: RHI does not have support for 64 bit atomics
[2020.10.27-18.08.45:762][  0]LogD3D11RHI: Async texture creation enabled
[2020.10.27-18.08.45:762][  0]LogD3D11RHI: Array index from any shader is supported
[2020.10.27-18.08.45:800][  0]LogD3D11RHI: GPU Timing Frequency: 19.200123 (Debug: 2 0)
[2020.10.27-18.08.46:469][  0]LogTargetPlatformManager: Display: Loaded TargetPlatform 'AllDesktop'
[2020.10.27-18.08.46:527][  0]LogTargetPlatformManager: Display: Loaded TargetPlatform 'Android'
[2020.10.27-18.08.46:527][  0]LogTargetPlatformManager: Display: Loaded TargetPlatform 'Android_ASTC'
[2020.10.27-18.08.46:527][  0]LogTargetPlatformManager: Display: Loaded TargetPlatform 'Android_DXT'
[2020.10.27-18.08.46:527][  0]LogTargetPlatformManager: Display: Loaded TargetPlatform 'Android_ETC2'
[2020.10.27-18.08.46:527][  0]LogTargetPlatformManager: Display: Loaded TargetPlatform 'AndroidClient'
[2020.10.27-18.08.46:527][  0]LogTargetPlatformManager: Display: Loaded TargetPlatform 'Android_ASTCClient'
[2020.10.27-18.08.46:527][  0]LogTargetPlatformManager: Display: Loaded TargetPlatform 'Android_DXTClient'
[2020.10.27-18.08.46:527][  0]LogTargetPlatformManager: Display: Loaded TargetPlatform 'Android_ETC2Client'
[2020.10.27-18.08.46:527][  0]LogTargetPlatformManager: Display: Loaded TargetPlatform 'Android_Multi'
[2020.10.27-18.08.46:527][  0]LogTargetPlatformManager: Display: Loaded TargetPlatform 'Android_MultiClient'
[2020.10.27-18.08.46:671][  0]LogTargetPlatformManager: Display: Loaded TargetPlatform 'IOSClient'
[2020.10.27-18.08.46:671][  0]LogTargetPlatformManager: Display: Loaded TargetPlatform 'IOS'
[2020.10.27-18.08.46:808][  0]LogTargetPlatformManager: Display: Loaded TargetPlatform 'Linux'
[2020.10.27-18.08.46:835][  0]LogTargetPlatformManager: Display: Loaded TargetPlatform 'LinuxNoEditor'
[2020.10.27-18.08.46:865][  0]LogTargetPlatformManager: Display: Loaded TargetPlatform 'LinuxClient'
[2020.10.27-18.08.46:885][  0]LogTargetPlatformManager: Display: Loaded TargetPlatform 'LinuxServer'
[2020.10.27-18.08.46:916][  0]LogTargetPlatformManager: Display: Loaded TargetPlatform 'LinuxAArch64NoEditor'
[2020.10.27-18.08.46:953][  0]LogTargetPlatformManager: Display: Loaded TargetPlatform 'LinuxAArch64Client'
[2020.10.27-18.08.46:972][  0]LogTargetPlatformManager: Display: Loaded TargetPlatform 'LinuxAArch64Server'
[2020.10.27-18.08.47:055][  0]LogTargetPlatformManager: Display: Loaded TargetPlatform 'Lumin'
[2020.10.27-18.08.47:055][  0]LogTargetPlatformManager: Display: Loaded TargetPlatform 'LuminClient'
[2020.10.27-18.08.47:087][  0]LogTargetPlatformManager: Display: Loaded TargetPlatform 'TVOSClient'
[2020.10.27-18.08.47:087][  0]LogTargetPlatformManager: Display: Loaded TargetPlatform 'TVOS'
[2020.10.27-18.08.47:113][  0]LogTargetPlatformManager: Display: Loaded TargetPlatform 'WindowsNoEditor'
[2020.10.27-18.08.47:144][  0]LogTargetPlatformManager: Display: Loaded TargetPlatform 'Windows'
[2020.10.27-18.08.47:218][  0]LogTargetPlatformManager: Display: Loaded TargetPlatform 'WindowsClient'
[2020.10.27-18.08.47:240][  0]LogTargetPlatformManager: Display: Loaded TargetPlatform 'WindowsServer'
[2020.10.27-18.08.47:240][  0]LogTargetPlatformManager: Display: Building Assets For Windows
[2020.10.27-18.08.47:294][  0]LogAudioDebug: Display: Lib vorbis DLL was dynamically loaded.
[2020.10.27-18.08.47:806][  0]LogShaderCompilers: Guid format shader working directory is 14 characters bigger than the processId version (../../../../../MazeBall/MazeBall/Intermediate/Shaders/WorkingDirectory/15260/).
[2020.10.27-18.08.47:807][  0]LogShaderCompilers: Cleaned the shader compiler working directory 'C:/Users/Abisai/AppData/Local/Temp/UnrealShaderWorkingDir/178E1FA143F473A94D554090B6C6E6B0/'.
[2020.10.27-18.08.47:818][  0]LogXGEController: Cannot use XGE Controller as Incredibuild is not installed on this machine.
[2020.10.27-18.08.47:819][  0]LogShaderCompilers: Cannot use XGE Shader Compiler as Incredibuild is not installed on this machine.
[2020.10.27-18.08.47:819][  0]LogShaderCompilers: Display: Using Local Shader Compiler.
[2020.10.27-18.08.56:469][  0]LogDerivedDataCache: Display: Max Cache Size: 512 MB
[2020.10.27-18.08.56:672][  0]LogDerivedDataCache: Loaded boot cache 0.20s 76MB C:/Users/Abisai/AppData/Local/UnrealEngine/4.25/DerivedDataCache/Boot.ddc.
[2020.10.27-18.08.56:672][  0]LogDerivedDataCache: Display: Loaded Boot cache: C:/Users/Abisai/AppData/Local/UnrealEngine/4.25/DerivedDataCache/Boot.ddc
[2020.10.27-18.08.56:684][  0]LogDerivedDataCache: FDerivedDataBackendGraph:  Pak pak cache file ../../../../../MazeBall/MazeBall/DerivedDataCache/DDC.ddp not found, will not use a pak cache.
[2020.10.27-18.08.56:684][  0]LogDerivedDataCache: Unable to find inner node Pak for hierarchical cache Hierarchy.
[2020.10.27-18.08.56:684][  0]LogDerivedDataCache: FDerivedDataBackendGraph:  CompressedPak pak cache file ../../../../../MazeBall/MazeBall/DerivedDataCache/Compressed.ddp not found, will not use a pak cache.
[2020.10.27-18.08.56:684][  0]LogDerivedDataCache: Unable to find inner node CompressedPak for hierarchical cache Hierarchy.
[2020.10.27-18.08.56:784][  0]LogDerivedDataCache: Display: Pak cache opened for reading ../../../Engine/DerivedDataCache/Compressed.ddp.
[2020.10.27-18.08.56:785][  0]LogDerivedDataCache: FDerivedDataBackendGraph:  EnterprisePak pak cache file ../../../Enterprise/DerivedDataCache/Compressed.ddp not found, will not use a pak cache.
[2020.10.27-18.08.56:785][  0]LogDerivedDataCache: Unable to find inner node EnterprisePak for hierarchical cache Hierarchy.
[2020.10.27-18.08.56:787][  0]LogDerivedDataCache: Using Local data cache path C:/Users/Abisai/AppData/Local/UnrealEngine/Common/DerivedDataCache: Writable
[2020.10.27-18.08.56:787][  0]LogDerivedDataCache: Shared data cache path not found in *engine.ini, will not use an Shared cache.
[2020.10.27-18.08.56:787][  0]LogDerivedDataCache: Unable to find inner node Shared for hierarchical cache Hierarchy.
[2020.10.27-18.08.56:883][  0]LogSlate: Using FreeType 2.10.0
[2020.10.27-18.08.57:038][  0]LogSlate: SlateFontServices - WITH_FREETYPE: 1, WITH_HARFBUZZ: 1
[2020.10.27-18.08.57:241][  0]LogAssetRegistry: FAssetRegistry took 0.0133 seconds to start up
[2020.10.27-18.08.58:418][  0]LogInit: Selected Device Profile: [Windows]
[2020.10.27-18.08.59:182][  0]LogMeshReduction: Using QuadricMeshReduction for automatic static mesh reduction
[2020.10.27-18.08.59:182][  0]LogMeshReduction: Using SimplygonMeshReduction for automatic skeletal mesh reduction
[2020.10.27-18.08.59:182][  0]LogMeshReduction: Using ProxyLODMeshReduction for automatic mesh merging
[2020.10.27-18.08.59:182][  0]LogMeshReduction: No distributed automatic mesh merging module available
[2020.10.27-18.08.59:182][  0]LogMeshMerging: No distributed automatic mesh merging module available
[2020.10.27-18.08.59:251][  0]LogNetVersion: MazeBall 1.0.0, NetCL: 13144385, EngineNetVer: 14, GameNetVer: 0 (Checksum: 2432658607)
[2020.10.27-18.09.00:907][  0]LogAISub: UAISubsystem::UAISubsystem AISubsystem (0000029DC1C71280), frame # 0
[2020.10.27-18.09.00:907][  0]LogAISub: UAISubsystem::UAISubsystem AIPerceptionSystem (0000029DC51C91C0), frame # 0
[2020.10.27-18.09.00:910][  0]LogAISub: UAISubsystem::UAISubsystem EnvQueryManager (0000029DC5230A00), frame # 0
[2020.10.27-18.09.01:906][  0]LogPackageLocalizationCache: Processed 19 localized package path(s) for 1 prioritized culture(s) in 0.907784 seconds
[2020.10.27-18.09.01:936][  0]LogUObjectArray: 15917 objects as part of root set at end of initial load.
[2020.10.27-18.09.01:936][  0]LogUObjectAllocator: 3965568 out of 0 bytes used by permanent object pool.
[2020.10.27-18.09.01:936][  0]LogUObjectArray: CloseDisregardForGC: 0/0 objects in disregard for GC pool
[2020.10.27-18.09.05:015][  0]LogTcpMessaging: Initializing TcpMessaging bridge
[2020.10.27-18.09.05:032][  0]LogUdpMessaging: Initializing bridge on interface 0.0.0.0:0 to multicast group 230.0.0.1:6666.
[2020.10.27-18.09.05:713][  0]SourceControl: Source control is disabled
[2020.10.27-18.09.05:713][  0]SourceControl: Source control is disabled
[2020.10.27-18.09.05:782][  0]SourceControl: Source control is disabled
[2020.10.27-18.09.05:800][  0]SourceControl: Source control is disabled
[2020.10.27-18.09.05:837][  0]SourceControl: Source control is disabled
[2020.10.27-18.09.07:951][  0]LogAndroidPermission: UAndroidPermissionCallbackProxy::GetInstance
[2020.10.27-18.09.08:146][  0]LogAudioCaptureCore: Display: No Audio Capture implementations found. Audio input will be silent.
[2020.10.27-18.09.08:146][  0]LogAudioCaptureCore: Display: No Audio Capture implementations found. Audio input will be silent.
[2020.10.27-18.09.08:430][  0]LogOcInput: OculusInput pre-init called
[2020.10.27-18.09.08:479][  0]LogWindows: Failed to load 'OVRPlugin.dll' (GetLastError=126)
[2020.10.27-18.09.08:479][  0]LogWindows: File 'OVRPlugin.dll' does not exist
[2020.10.27-18.09.08:912][  0]LogEngine: Initializing Engine...
[2020.10.27-18.09.08:950][  0]LogHMD: Failed to initialize OpenVR with code 110
[2020.10.27-18.09.08:996][  0]LogMagicLeap: Warning: VR disabled because ZI is not enabled.  To enable, in the editor, Edit -> Project Settings -> Plugins -> Magic Leap Plugin -> Enable Zero Iteration
[2020.10.27-18.09.09:001][  0]LogStats: UGameplayTagsManager::InitializeManager -  0.001 s
[2020.10.27-18.09.09:446][  0]LogInit: Initializing FReadOnlyCVARCache
[2020.10.27-18.09.09:509][  0]LogAIModule: Creating AISystem for world Untitled
[2020.10.27-18.09.09:509][  0]LogAISub: UAISubsystem::UAISubsystem EnvQueryManager (0000029DCA115C00), frame # 0
[2020.10.27-18.09.09:509][  0]LogAISub: UAISubsystem::UAISubsystem AIPerceptionSystem (0000029DCA1596C0), frame # 0
[2020.10.27-18.09.09:993][  0]LogAudioMixer: Display: Audio Mixer Platform Settings:
[2020.10.27-18.09.09:993][  0]LogAudioMixer: Display: 	Sample Rate:						  48000
[2020.10.27-18.09.09:994][  0]LogAudioMixer: Display: 	Callback Buffer Frame Size Requested: 1024
[2020.10.27-18.09.09:994][  0]LogAudioMixer: Display: 	Callback Buffer Frame Size To Use:	  1024
[2020.10.27-18.09.09:994][  0]LogAudioMixer: Display: 	Number of buffers to queue:			  2
[2020.10.27-18.09.09:994][  0]LogAudioMixer: Display: 	Max Channels (voices):				  32
[2020.10.27-18.09.09:994][  0]LogAudioMixer: Display: 	Number of Async Source Workers:		  0
[2020.10.27-18.09.09:994][  0]LogAudio: Display: AudioDevice MaxSources: 32
[2020.10.27-18.09.09:994][  0]LogAudio: Display: Using built-in audio occlusion.
[2020.10.27-18.09.09:994][  0]LogAudioMixer: Display: Initializing audio mixer.
[2020.10.27-18.09.10:057][  0]LogAudioMixer: Display: 0: FrontLeft
[2020.10.27-18.09.10:057][  0]LogAudioMixer: Display: 1: FrontRight
[2020.10.27-18.09.11:089][  0]LogAudioMixer: Display: Using Audio Device Speakers (Realtek(R) Audio)
[2020.10.27-18.09.11:101][  0]LogAudioMixer: Display: Initializing Sound Submixes...
[2020.10.27-18.09.11:111][  0]LogAudioMixer: Display: Creating Master Submix 'MasterSubmixDefault'
[2020.10.27-18.09.11:111][  0]LogAudioMixer: Display: Creating Master Submix 'MasterReverbSubmixDefault'
[2020.10.27-18.09.11:116][  0]LogAudioMixer: Display: Creating Master Submix 'MasterEQSubmixDefault'
[2020.10.27-18.09.11:119][  0]LogInit: FAudioDevice initialized.
[2020.10.27-18.09.11:119][  0]LogNetVersion: Set ProjectVersion to 1.0.0.0. Version Checksum will be recalculated on next use.
[2020.10.27-18.09.11:433][  0]LogDerivedDataCache: Saved boot cache 0.31s 76MB C:/Users/Abisai/AppData/Local/UnrealEngine/4.25/DerivedDataCache/Boot.ddc.
[2020.10.27-18.09.11:468][  0]LogInit: Texture streaming: Enabled
[2020.10.27-18.09.11:618][  0]LogEngineSessionManager: EngineSessionManager initialized
[2020.10.27-18.09.11:619][  0]LogEditorSessionSummary: Verbose: Initializing EditorSessionSummaryWriter for editor session tracking
[2020.10.27-18.09.11:638][  0]LogEditorSessionSummary: EditorSessionSummaryWriter initialized
[2020.10.27-18.09.12:240][  0]LogInit: Transaction tracking system initialized
[2020.10.27-18.09.12:636][  0]BlueprintLog: New page: Editor Load
[2020.10.27-18.09.13:504][  0]LocalizationService: Localization service is disabled
[2020.10.27-18.09.15:370][  0]LogCook: Display: Max memory allowance for cook 16384mb min free memory 0mb
[2020.10.27-18.09.15:370][  0]LogCook: Display: Mobile HDR setting 1
[2020.10.27-18.09.15:780][  0]LogFileCache: Scanning file cache for directory 'D:/MazeBall/MazeBall/Content/' took 0.06s
[2020.10.27-18.09.18:455][  0]SourceControl: Source control is disabled
[2020.10.27-18.09.18:455][  0]LogUnrealEdMisc: Loading editor; pre map load, took 75.878
[2020.10.27-18.09.18:456][  0]Cmd: MAP LOAD FILE="../../../Engine/Content/Maps/Templates/Template_Default.umap" TEMPLATE=1 SHOWPROGRESS=1 FEATURELEVEL=3
[2020.10.27-18.09.18:457][  0]LightingResults: New page: Lighting Build
[2020.10.27-18.09.18:522][  0]LogWorld: UWorld::CleanupWorld for Untitled, bSessionEnded=true, bCleanupResources=true
[2020.10.27-18.09.18:523][  0]LogSlate: InvalidateAllWidgets triggered.  All widgets were invalidated
[2020.10.27-18.09.18:523][  0]MapCheck: New page: Map Check
[2020.10.27-18.09.18:524][  0]LightingResults: New page: Lighting Build
[2020.10.27-18.09.18:561][  0]LogAISub: UAISubsystem::~UAISubsystem EnvQueryManager (0000029DCA115C00), frame # 0
[2020.10.27-18.09.18:561][  0]LogAISub: UAISubsystem::~UAISubsystem AIPerceptionSystem (0000029DCA1596C0), frame # 0
[2020.10.27-18.09.18:563][  0]LogUObjectHash: Compacting FUObjectHashTables data took   1.70ms
[2020.10.27-18.09.19:383][  0]LogAIModule: Creating AISystem for world Untitled_1
[2020.10.27-18.09.19:383][  0]LogAISub: UAISubsystem::UAISubsystem EnvQueryManager (0000029DBC267E00), frame # 0
[2020.10.27-18.09.19:383][  0]LogAISub: UAISubsystem::UAISubsystem AIPerceptionSystem (0000029DB9195440), frame # 0
[2020.10.27-18.09.19:543][  0]LogEditorServer: Finished looking for orphan Actors (0.000 secs)
[2020.10.27-18.09.19:570][  0]LogUObjectHash: Compacting FUObjectHashTables data took   1.88ms
[2020.10.27-18.09.19:570][  0]Cmd: MAP CHECKDEP NOCLEARLOG
[2020.10.27-18.09.19:589][  0]MapCheck: Map check complete: 0 Error(s), 0 Warning(s), took 18.384ms to complete.
[2020.10.27-18.09.19:589][  0]LogFileHelpers: Loading map 'Template_Default' took 1.134
[2020.10.27-18.09.19:614][  0]LogUnrealEdMisc: Total Editor Startup Time, took 77.036
[2020.10.27-18.09.21:056][  0]LogSlate: Updating window title bar state: overlay mode, drag disabled, window buttons hidden, title bar hidden
[2020.10.27-18.09.21:110][  0]LogSlate: Updating window title bar state: overlay mode, drag disabled, window buttons hidden, title bar hidden
[2020.10.27-18.09.21:128][  0]LogSlate: Updating window title bar state: overlay mode, drag disabled, window buttons hidden, title bar hidden
[2020.10.27-18.09.21:146][  0]LogSlate: Updating window title bar state: overlay mode, drag disabled, window buttons hidden, title bar hidden
[2020.10.27-18.09.21:337][  0]LogCollectionManager: Loaded 0 collections in 0.034385 seconds
[2020.10.27-18.09.21:611][  0]LogFileCache: Scanning file cache for directory 'D:/MazeBall/MazeBall/Saved/Collections/' took 0.00s
[2020.10.27-18.09.21:612][  0]LogFileCache: Scanning file cache for directory 'D:/MazeBall/MazeBall/Content/Developers/Abisai/Collections/' took 0.01s
[2020.10.27-18.09.21:612][  0]LogFileCache: Scanning file cache for directory 'D:/MazeBall/MazeBall/Content/Collections/' took 0.00s
[2020.10.27-18.09.21:612][  0]LogContentBrowser: Native class hierarchy populated in 0.0747 seconds. Added 3429 classes and 823 folders.
[2020.10.27-18.09.21:808][  0]LogContentBrowser: Native class hierarchy updated for 'WidgetCarousel' in 0.0018 seconds. Added 0 classes and 0 folders.
[2020.10.27-18.09.25:082][  0]LogContentBrowser: Native class hierarchy updated for 'AddContentDialog' in 0.0007 seconds. Added 0 classes and 0 folders.
[2020.10.27-18.09.25:139][  0]LogContentBrowser: Native class hierarchy updated for 'SceneOutliner' in 0.0019 seconds. Added 2 classes and 0 folders.
[2020.10.27-18.09.26:790][  0]LogSlate: Took 0.045929 seconds to synchronously load lazily loaded font '../../../Engine/Content/Slate/Fonts/Roboto-Regular.ttf' (155K)
[2020.10.27-18.09.26:824][  0]LogSlate: Took 0.028001 seconds to synchronously load lazily loaded font '../../../Engine/Content/Slate/Fonts/Roboto-Bold.ttf' (160K)
[2020.10.27-18.09.26:960][  0]LogSlate: Took 0.048957 seconds to synchronously load lazily loaded font '../../../Engine/Content/Editor/Slate/Fonts/FontAwesome.ttf' (139K)
[2020.10.27-18.09.28:485][  0]LogRenderer: Reallocating scene render targets to support 884x388 Format 10 NumSamples 1 (Frame:1).
[2020.10.27-18.09.30:605][  0]LogSlate: Took 0.054701 seconds to synchronously load lazily loaded font '../../../Engine/Content/Slate/Fonts/Roboto-Light.ttf' (167K)
[2020.10.27-18.09.31:438][  0]LogContentBrowser: Native class hierarchy updated for 'HierarchicalLODOutliner' in 0.0016 seconds. Added 0 classes and 0 folders.
[2020.10.27-18.09.31:438][  0]LogLoad: (Engine Initialization) Total time: 88.86 seconds
[2020.10.27-18.09.31:438][  0]LogLoad: (Engine Initialization) Total Blueprint compile time: 0.00 seconds
[2020.10.27-18.09.32:134][  0]LogContentStreaming: Texture pool size now 1000 MB
[2020.10.27-18.09.32:919][  3]LogAssetRegistry: Asset discovery search completed in 35.6829 seconds
[2020.10.27-18.09.32:958][  3]LogCollectionManager: Fixed up redirectors for 0 collections in 0.000013 seconds (updated 0 objects)
[2020.10.27-18.46.09:015][316]LogSlate: Took 0.000545 seconds to synchronously load lazily loaded font '../../../Engine/Content/Slate/Fonts/Roboto-Light.ttf' (167K)
[2020.10.27-18.46.09:076][316]LogAssetEditorSubsystem: Opening Asset editor for Class /Script/MazeBall.Ball
[2020.10.27-20.14.45:101][ 81]LogVSAccessor: Warning: Couldn't access Visual Studio
[2020.10.27-20.14.45:861][ 81]Candidate modules for hot reload:
[2020.10.27-20.14.45:862][ 81]  MazeBall
[2020.10.27-20.14.45:891][ 81]Launching UnrealBuildTool... [D:/UnrealEngine/UE_4.25/Engine/Binaries/DotNET/UnrealBuildTool.exe  -ModuleWithSuffix=MazeBall,5401 MazeBallEditor Win64 Development -Project="D:/MazeBall/MazeBall/MazeBall.uproject" "D:/MazeBall/MazeBall/MazeBall.uproject"  -IgnoreJunk]
[2020.10.27-20.14.47:164][ 81]Warning: Starting HotReload took  2.3s.
[2020.10.27-20.14.49:653][ 81]LogAudioMixer: Display: Audio Buffer Underrun detected.
[2020.10.27-20.14.50:642][ 84]LogAudioMixer: Display: Audio Buffer Underrun detected.
[2020.10.27-20.18.28:144][507]CompilerResultsLog: New page: Compilation - Oct 27, 2020, 10:18:27 AM
[2020.10.27-20.18.28:230][507]CompilerResultsLog: Using 'git status' to determine working set for adaptive non-unity build (D:\MazeBall).
[2020.10.27-20.18.28:232][507]CompilerResultsLog: Building MazeBallEditor...
[2020.10.27-20.18.28:232][507]CompilerResultsLog: Using Visual Studio 2019 14.24.28315 toolchain (C:\Program Files (x86)\Microsoft Visual Studio\2019\Community\VC\Tools\MSVC\14.24.28314) and Windows 10.0.18362.0 SDK (C:\Program Files (x86)\Windows Kits\10).
[2020.10.27-20.18.28:232][507]CompilerResultsLog: Building 6 actions with 4 processes...
[2020.10.27-20.18.28:232][507]CompilerResultsLog:   [1/6] Ball.cpp
[2020.10.27-20.18.28:232][507]CompilerResultsLog:   D:\MazeBall\MazeBall\Source\MazeBall\Ball.h(9): fatal error C1083: Cannot open include file: 'Camera.CameraComponent.h': No such file or directory
[2020.10.27-20.18.28:232][507]CompilerResultsLog:   [2/6] Ball.gen.cpp
[2020.10.27-20.18.28:232][507]CompilerResultsLog:   D:\MazeBall\MazeBall\Source\MazeBall/Ball.h(9): fatal error C1083: Cannot open include file: 'Camera.CameraComponent.h': No such file or directory
[2020.10.27-20.18.28:232][507]CompilerResultsLog:   [3/6] MazeBall.init.gen.cpp
[2020.10.27-20.18.28:245][507]LogMainFrame: MainFrame: Module compiling took 223.097 seconds
[2020.10.27-20.18.28:293][507]Warning: HotReload failed, recompile failed
[2020.10.27-20.21.31:475][220]LogAssetEditorSubsystem: Opening Asset editor for World /Game/Maze.Maze
[2020.10.27-20.21.32:222][220]LogUObjectHash: Compacting FUObjectHashTables data took  85.67ms
[2020.10.27-20.21.32:730][220]Cmd: MAP LOAD FILE="../../../../../MazeBall/MazeBall/Content/Maze.umap" TEMPLATE=0 SHOWPROGRESS=1 FEATURELEVEL=3
[2020.10.27-20.21.32:758][220]LightingResults: New page: Lighting Build
[2020.10.27-20.21.32:797][220]LoadErrors: New page: Loading map: Maze.umap
[2020.10.27-20.21.33:068][220]LogWorld: UWorld::CleanupWorld for Untitled_1, bSessionEnded=true, bCleanupResources=true
[2020.10.27-20.21.33:146][220]LogSlate: InvalidateAllWidgets triggered.  All widgets were invalidated
[2020.10.27-20.21.33:175][220]MapCheck: New page: Map Check
[2020.10.27-20.21.33:182][220]LightingResults: New page: Lighting Build
[2020.10.27-20.21.33:762][220]LogAISub: UAISubsystem::~UAISubsystem EnvQueryManager (0000029DBC267E00), frame # 53220
[2020.10.27-20.21.33:763][220]LogAISub: UAISubsystem::~UAISubsystem AIPerceptionSystem (0000029DB9195440), frame # 53220
[2020.10.27-20.21.33:773][220]LogUObjectHash: Compacting FUObjectHashTables data took   5.37ms
[2020.10.27-20.21.35:912][220]LogEditorServer: Finished looking for orphan Actors (0.000 secs)
[2020.10.27-20.21.35:912][220]LogAIModule: Creating AISystem for world Maze
[2020.10.27-20.21.35:929][220]LogAISub: UAISubsystem::UAISubsystem EnvQueryManager (0000029DE225CC00), frame # 53220
[2020.10.27-20.21.35:936][220]LogAISub: UAISubsystem::UAISubsystem AIPerceptionSystem (0000029DB9197C40), frame # 53220
[2020.10.27-20.21.36:213][220]LogUObjectHash: Compacting FUObjectHashTables data took   4.77ms
[2020.10.27-20.21.36:455][220]Cmd: MAP CHECKDEP NOCLEARLOG
[2020.10.27-20.21.36:479][220]MapCheck: Map check complete: 0 Error(s), 0 Warning(s), took 6.683ms to complete.
[2020.10.27-20.21.36:480][220]LogFileHelpers: Loading map 'Maze' took 3.797
[2020.10.27-20.22.09:971][464]LogSlate: Window 'Pick Parent Class' being destroyed
[2020.10.27-20.22.20:884][614]LogAssetEditorSubsystem: Opening Asset editor for Class /Script/MazeBall.Ball
[2020.10.27-20.32.19:799][571]LogUObjectHash: Compacting FUObjectHashTables data took  86.91ms
[2020.10.27-20.32.22:361][571]LogSlate: Window 'Delete Assets' being destroyed
[2020.10.27-20.32.23:343][571]LogUObjectHash: Compacting FUObjectHashTables data took   4.31ms
[2020.10.27-20.36.30:666][333]LogSlate: Window 'Pick Parent Class' being destroyed
[2020.10.27-20.36.38:421][435]LogAssetEditorSubsystem: Opening Asset editor for Blueprint /Game/Ball.Ball
[2020.10.27-20.36.48:297][435]LogContentBrowser: Native class hierarchy updated for 'BlueprintGraph' in 0.0711 seconds. Added 125 classes and 0 folders.
[2020.10.27-20.37.00:135][435]LogRenderer: Reallocating scene render targets to support 940x500 Format 10 NumSamples 1 (Frame:1).
[2020.10.27-20.39.18:032][868]LogSlate: Took 0.094892 seconds to synchronously load lazily loaded font '../../../Engine/Content/Slate/Fonts/Roboto-Italic.ttf' (157K)
[2020.10.27-20.41.13:703][169]BlueprintLog: New page: Compile Ball
[2020.10.27-20.41.14:152][169]LogUObjectHash: Compacting FUObjectHashTables data took  22.22ms
[2020.10.27-20.41.14:420][169]LogSlate: Took 0.074268 seconds to synchronously load lazily loaded font '../../../Engine/Content/Slate/Fonts/DroidSansMono.ttf' (77K)
[2020.10.27-20.41.16:071][181]Cmd: OBJ SAVEPACKAGE PACKAGE="/Game/Ball" FILE="../../../../../MazeBall/MazeBall/Content/Ball.uasset" SILENT=true
[2020.10.27-20.41.16:588][181]LogSavePackage: Moving '../../../../../MazeBall/MazeBall/Saved/BallDCE95988489B77C7317F44A8CE83E21F.tmp' to '../../../../../MazeBall/MazeBall/Content/Ball.uasset'
[2020.10.27-20.41.16:838][181]AssetCheck: New page: Asset Save: Ball
[2020.10.27-20.41.16:838][181]LogContentValidation: Display: Validating Blueprint /Game/Ball.Ball
[2020.10.27-20.43.53:354][755]BlueprintLog: New page: Compile Ball
[2020.10.27-20.43.53:476][755]LogUObjectHash: Compacting FUObjectHashTables data took   9.39ms
[2020.10.27-20.43.54:498][762]Cmd: OBJ SAVEPACKAGE PACKAGE="/Game/Ball" FILE="../../../../../MazeBall/MazeBall/Content/Ball.uasset" SILENT=true
[2020.10.27-20.43.54:618][762]LogSavePackage: Moving '../../../../../MazeBall/MazeBall/Saved/BallBBD4F15C417B6AF91361CA8107F5DC09.tmp' to '../../../../../MazeBall/MazeBall/Content/Ball.uasset'
[2020.10.27-20.43.54:768][762]AssetCheck: New page: Asset Save: Ball
[2020.10.27-20.43.54:768][762]LogContentValidation: Display: Validating Blueprint /Game/Ball.Ball
[2020.10.27-20.44.32:624][862]Cmd: OBJ SAVEPACKAGE PACKAGE="/Game/Ball" FILE="../../../../../MazeBall/MazeBall/Content/Ball.uasset" SILENT=true
[2020.10.27-20.44.33:214][862]LogSavePackage: Moving '../../../../../MazeBall/MazeBall/Saved/Ball03B866534756330F54AED781B3E35F6E.tmp' to '../../../../../MazeBall/MazeBall/Content/Ball.uasset'
[2020.10.27-20.44.33:273][862]AssetCheck: New page: Asset Save: Ball
[2020.10.27-20.44.33:273][862]LogContentValidation: Display: Validating Blueprint /Game/Ball.Ball
[2020.10.27-20.44.33:686][868]LogSlate: Window 'Ball' being destroyed
[2020.10.27-20.44.33:834][868]LogSlate: Window 'Ball' being destroyed
[2020.10.27-20.44.34:008][868]LogWorld: UWorld::CleanupWorld for World_0, bSessionEnded=true, bCleanupResources=true
[2020.10.27-20.44.34:102][868]LogSlate: InvalidateAllWidgets triggered.  All widgets were invalidated
[2020.10.27-20.52.20:215][ 57]LogUObjectHash: Compacting FUObjectHashTables data took   5.12ms
[2020.10.27-20.52.20:305][ 57]Cmd: OBJ SAVEPACKAGE PACKAGE="/Game/Maze" FILE="../../../../../MazeBall/MazeBall/Saved/Autosaves/Game/Maze_Auto1.umap" SILENT=true AUTOSAVING=true KEEPDIRTY=false
[2020.10.27-20.52.20:955][ 57]LogSavePackage: Moving '../../../../../MazeBall/MazeBall/Saved/Maze_Auto15694CB4841C360F82F97F79EE6928777.tmp' to '../../../../../MazeBall/MazeBall/Saved/Autosaves/Game/Maze_Auto1.umap'
[2020.10.27-20.52.21:139][ 57]LogFileHelpers: Editor autosave (incl. sublevels) for '/Game/Maze' took 1.084
[2020.10.27-20.52.21:140][ 57]LogFileHelpers: Editor autosave (incl. sublevels) for all levels took 1.084
[2020.10.27-20.52.24:703][138]LogSlate: Warning: Slate: Had to block on waiting for a draw buffer
[2020.10.27-20.52.26:012][138]LogSlate: Window 'Pick Parent Class' being destroyed
[2020.10.27-20.52.28:916][179]LogAssetEditorSubsystem: Opening Asset editor for Blueprint /Game/NewBlueprint.NewBlueprint
[2020.10.27-20.52.50:313][283]LogSlate: Prevented a slow task dialog from being summoned while a context menu was open
[2020.10.27-20.52.57:924][453]BlueprintLog: New page: Compile NewBlueprint
[2020.10.27-20.52.58:106][453]LogUObjectHash: Compacting FUObjectHashTables data took   7.84ms
[2020.10.27-20.52.58:943][459]Cmd: OBJ SAVEPACKAGE PACKAGE="/Game/NewBlueprint" FILE="../../../../../MazeBall/MazeBall/Content/NewBlueprint.uasset" SILENT=true
[2020.10.27-20.52.59:079][459]LogSavePackage: Moving '../../../../../MazeBall/MazeBall/Saved/NewBlueprint151695CC4AD29143B4E11FB23C3CD73B.tmp' to '../../../../../MazeBall/MazeBall/Content/NewBlueprint.uasset'
[2020.10.27-20.52.59:247][459]AssetCheck: New page: Asset Save: NewBlueprint
[2020.10.27-20.52.59:248][459]LogContentValidation: Display: Validating Blueprint /Game/NewBlueprint.NewBlueprint
[2020.10.27-20.52.59:891][466]LogSlate: Window 'NewBlueprint' being destroyed
[2020.10.27-20.53.00:051][466]LogSlate: Window 'NewBlueprint' being destroyed
[2020.10.27-20.53.00:110][466]LogWorld: UWorld::CleanupWorld for World_2, bSessionEnded=true, bCleanupResources=true
[2020.10.27-20.53.00:110][466]LogSlate: InvalidateAllWidgets triggered.  All widgets were invalidated
[2020.10.27-20.53.42:242][ 22]LogSlate: Prevented a slow task dialog from being summoned while a context menu was open
[2020.10.27-20.54.02:336][397]LogSlate: Window 'Project Settings' being destroyed
[2020.10.27-20.54.02:438][397]LogSlate: Window 'Project Settings' being destroyed
[2020.10.27-21.01.18:985][998]LogSlate: Window 'Project Settings' being destroyed
[2020.10.27-21.01.19:019][998]LogSlate: Window 'Project Settings' being destroyed
[2020.10.27-21.01.22:946][ 66]LogAssetEditorSubsystem: Opening Asset editor for Class /Script/MazeBall.MazeBallGameModeBase
[2020.10.27-21.08.29:059][270]LogAssetEditorSubsystem: Opening Asset editor for Class /Script/MazeBall.Ball
[2020.10.27-21.39.09:727][883]LogUObjectHash: Compacting FUObjectHashTables data took 103.50ms
[2020.10.27-21.39.11:095][883]Cmd: OBJ SAVEPACKAGE PACKAGE="/Game/Maze" FILE="../../../../../MazeBall/MazeBall/Content/Maze.umap" SILENT=true AUTOSAVING=false KEEPDIRTY=false
[2020.10.27-21.39.12:016][883]LogUObjectHash: Compacting FUObjectHashTables data took  28.06ms
[2020.10.27-21.39.12:907][883]LogSavePackage: Moving '../../../../../MazeBall/MazeBall/Saved/MazeCB40AAC74D8FF0F151919EADFE95F41D.tmp' to '../../../../../MazeBall/MazeBall/Content/Maze.umap'
[2020.10.27-21.39.13:395][883]LogFileHelpers: Saving map 'Maze' took 2.487
[2020.10.27-21.39.13:403][883]Cmd: OBJ SAVEPACKAGE PACKAGE="/Game/Maze_BuiltData" FILE="../../../../../MazeBall/MazeBall/Content/Maze_BuiltData.uasset" SILENT=true
[2020.10.27-21.39.13:894][883]LogSavePackage: Moving '../../../../../MazeBall/MazeBall/Saved/Maze_BuiltData0E424384432408359F1244968AE057C8.tmp' to '../../../../../MazeBall/MazeBall/Content/Maze_BuiltData.uasset'
[2020.10.27-21.39.16:797][883]AssetCheck: New page: Asset Save: multiple assets
[2020.10.27-21.39.16:801][883]LogContentValidation: Display: Validating World /Game/Maze.Maze
[2020.10.27-21.39.16:801][883]LogContentValidation: Display: Validating MapBuildDataRegistry /Game/Maze_BuiltData.Maze_BuiltData
[2020.10.27-21.39.17:304][884]LogUObjectHash: Compacting FUObjectHashTables data took   4.41ms
[2020.10.27-21.39.17:749][884]LogSlate: Window 'MazeBall - Unreal Editor' being destroyed
[2020.10.27-21.39.17:795][884]LogWindowsTextInputMethodSystem: Display: IME system now deactivated.
[2020.10.27-21.39.19:613][885]Cmd: QUIT_EDITOR
[2020.10.27-21.39.19:613][885]LogCore: Engine exit requested (reason: UUnrealEdEngine::CloseEditor())
[2020.10.27-21.39.19:871][885]LogCore: Engine exit requested (reason: EngineExit() was called; note: exit was already requested)
[2020.10.27-21.39.21:152][885]LogExit: Preparing to exit.
