Log file open, 10/25/20 15:56:25
LogInit: Display: Running engine for game: MazeBall
LogPlatformFile: Not using cached read wrapper
LogTaskGraph: Started task graph with 5 named threads and 14 total threads with 3 sets of task threads.
LogStats: Stats thread started at 8.221711
LogD3D11RHI: Loaded GFSDK_Aftermath_Lib.x64.dll
LogICUInternationalization: ICU TimeZone Detection - Raw Offset: -6:00, Platform Override: ''
LogPluginManager: Mounting plugin Paper2D
LogPluginManager: Mounting plugin AISupport
LogPluginManager: Mounting plugin LightPropagationVolume
LogPluginManager: Mounting plugin CameraShakePreviewer
LogPluginManager: Mounting plugin ActorLayerUtilities
LogPluginManager: Mounting plugin AnimationSharing
LogPluginManager: Mounting plugin CLionSourceCodeAccess
LogPluginManager: Mounting plugin CodeLiteSourceCodeAccess
LogPluginManager: Mounting plugin GitSourceControl
LogPluginManager: Mounting plugin KDevelopSourceCodeAccess
LogPluginManager: Mounting plugin NullSourceCodeAccess
LogPluginManager: Mounting plugin PerforceSourceControl
LogPluginManager: Mounting plugin PlasticSourceControl
LogPluginManager: Mounting plugin RiderSourceCodeAccess
LogPluginManager: Mounting plugin SubversionSourceControl
LogPluginManager: Mounting plugin UObjectPlugin
LogPluginManager: Mounting plugin VisualStudioCodeSourceCodeAccess
LogPluginManager: Mounting plugin VisualStudioSourceCodeAccess
LogPluginManager: Mounting plugin XCodeSourceCodeAccess
LogPluginManager: Mounting plugin AssetManagerEditor
LogPluginManager: Mounting plugin CryptoKeys
LogPluginManager: Mounting plugin CurveEditorTools
LogPluginManager: Mounting plugin DataValidation
LogPluginManager: Mounting plugin EditorScriptingUtilities
LogPluginManager: Mounting plugin FacialAnimation
LogPluginManager: Mounting plugin GameplayTagsEditor
LogPluginManager: Mounting plugin GeometryMode
LogPluginManager: Mounting plugin MacGraphicsSwitching
LogPluginManager: Mounting plugin MaterialAnalyzer
LogPluginManager: Mounting plugin MobileLauncherProfileWizard
LogPluginManager: Mounting plugin PluginBrowser
LogPluginManager: Mounting plugin SpeedTreeImporter
LogPluginManager: Mounting plugin DatasmithContent
LogPluginManager: Mounting plugin VariantManagerContent
LogPluginManager: Mounting plugin AlembicImporter
LogPluginManager: Mounting plugin AutomationUtils
LogPluginManager: Mounting plugin BackChannel
LogPluginManager: Mounting plugin ChaosCloth
LogPluginManager: Mounting plugin ChaosClothEditor
LogPluginManager: Mounting plugin ChaosEditor
LogPluginManager: Mounting plugin ChaosNiagara
LogPluginManager: Mounting plugin ChaosSolverPlugin
LogPluginManager: Mounting plugin CharacterAI
LogPluginManager: Mounting plugin GeometryCache
LogPluginManager: Mounting plugin GeometryCollectionPlugin
LogPluginManager: Mounting plugin GeometryProcessing
LogPluginManager: Mounting plugin PlanarCut
LogPluginManager: Mounting plugin PlatformCrypto
LogPluginManager: Mounting plugin ProxyLODPlugin
LogPluginManager: Mounting plugin SkeletalReduction
LogPluginManager: Mounting plugin Niagara
LogPluginManager: Mounting plugin MagicLeap
LogPluginManager: Mounting plugin MagicLeapLightEstimation
LogPluginManager: Mounting plugin MagicLeapMedia
LogPluginManager: Mounting plugin MagicLeapPassableWorld
LogPluginManager: Mounting plugin MLSDK
LogPluginManager: Mounting plugin AndroidMedia
LogPluginManager: Mounting plugin AvfMedia
LogPluginManager: Mounting plugin ImgMedia
LogPluginManager: Mounting plugin MediaCompositing
LogPluginManager: Mounting plugin MediaPlayerEditor
LogPluginManager: Mounting plugin WebMMedia
LogPluginManager: Mounting plugin WmfMedia
LogPluginManager: Mounting plugin MeshPainting
LogPluginManager: Mounting plugin TcpMessaging
LogPluginManager: Mounting plugin UdpMessaging
LogPluginManager: Mounting plugin ActorSequence
LogPluginManager: Mounting plugin LevelSequenceEditor
LogPluginManager: Mounting plugin MatineeToLevelSequence
LogPluginManager: Mounting plugin MovieRenderPipeline
LogPluginManager: Mounting plugin TemplateSequence
LogPluginManager: Mounting plugin NetcodeUnitTest
LogPluginManager: Mounting plugin NUTUnrealEngine4
LogPluginManager: Mounting plugin OnlineSubsystemGooglePlay
LogPluginManager: Mounting plugin OnlineSubsystemIOS
LogPluginManager: Mounting plugin OnlineSubsystem
LogPluginManager: Mounting plugin OnlineSubsystemNull
LogPluginManager: Mounting plugin OnlineSubsystemUtils
LogPluginManager: Mounting plugin LauncherChunkInstaller
LogPluginManager: Mounting plugin AndroidDeviceProfileSelector
LogPluginManager: Mounting plugin AndroidMoviePlayer
LogPluginManager: Mounting plugin AndroidPermission
LogPluginManager: Mounting plugin AppleImageUtils
LogPluginManager: Mounting plugin AppleMoviePlayer
LogPluginManager: Mounting plugin ArchVisCharacter
LogPluginManager: Mounting plugin AssetTags
LogPluginManager: Mounting plugin AudioCapture
LogPluginManager: Mounting plugin CableComponent
LogPluginManager: Mounting plugin CustomMeshComponent
LogPluginManager: Mounting plugin EditableMesh
LogPluginManager: Mounting plugin ExampleDeviceProfileSelector
LogPluginManager: Mounting plugin GoogleCloudMessaging
LogPluginManager: Mounting plugin GooglePAD
LogPluginManager: Mounting plugin IOSDeviceProfileSelector
LogPluginManager: Mounting plugin LinuxDeviceProfileSelector
LogPluginManager: Mounting plugin LocationServicesBPLibrary
LogPluginManager: Mounting plugin MobilePatchingUtils
LogPluginManager: Mounting plugin OculusVR
LogPluginManager: Mounting plugin PhysXVehicles
LogPluginManager: Mounting plugin PostSplashScreen
LogPluginManager: Mounting plugin ProceduralMeshComponent
LogPluginManager: Mounting plugin RuntimePhysXCooking
LogPluginManager: Mounting plugin SignificanceManager
LogPluginManager: Mounting plugin SoundFields
LogPluginManager: Mounting plugin SteamVR
LogPluginManager: Mounting plugin Synthesis
LogPluginManager: Mounting plugin WebMMoviePlayer
LogPluginManager: Mounting plugin WindowsMoviePlayer
LogPluginManager: Mounting plugin ScreenshotTools
LogInit: Using libcurl 7.55.1-DEV
LogInit:  - built for x86_64-pc-win32
LogInit:  - supports SSL with OpenSSL/1.1.1
LogInit:  - supports HTTP deflate (compression) using libz 1.2.8
LogInit:  - other features:
LogInit:      CURL_VERSION_SSL
LogInit:      CURL_VERSION_LIBZ
LogInit:      CURL_VERSION_IPV6
LogInit:      CURL_VERSION_ASYNCHDNS
LogInit:      CURL_VERSION_LARGEFILE
LogInit:      CURL_VERSION_IDN
LogInit:  CurlRequestOptions (configurable via config and command line):
LogInit:  - bVerifyPeer = true  - Libcurl will verify peer certificate
LogInit:  - bUseHttpProxy = false  - Libcurl will NOT use HTTP proxy
LogInit:  - bDontReuseConnections = false  - Libcurl will reuse connections
LogInit:  - MaxHostConnections = 16  - Libcurl will limit the number of connections to a host
LogInit:  - LocalHostAddr = Default
LogInit:  - BufferSize = 65536
LogOnline: OSS: Creating online subsystem instance for: NULL
LogInit: WinSock: version 1.1 (2.2), MaxSocks=32767, MaxUdp=65467
LogOnline: OSS: TryLoadSubsystemAndSetDefault: Loaded subsystem for module [NULL]
LogInit: Build: ++UE4+Release-4.25-CL-13942748
LogInit: Engine Version: 4.25.3-13942748+++UE4+Release-4.25
LogInit: Compatible Engine Version: 4.25.0-13144385+++UE4+Release-4.25
LogInit: Net CL: 13144385
LogInit: OS: Windows 10 (Release 1909) (), CPU: Intel(R) Pentium(R) Silver N5000 CPU @ 1.10GHz, GPU: Intel(R) UHD Graphics 605
LogInit: Compiled (64-bit): Jul 25 2020 02:07:48
LogInit: Compiled with Visual C++: 19.24.28315.00
LogInit: Build Configuration: Development
LogInit: Branch Name: ++UE4+Release-4.25
LogInit: Command Line: 
LogInit: Base Directory: D:/UnrealEngine/UE_4.25/Engine/Binaries/Win64/
LogInit: Allocator: TBB
LogInit: Installed Engine Build: 1
LogDevObjectVersion: Number of dev versions registered: 26
LogDevObjectVersion:   Dev-Blueprints (B0D832E4-1F89-4F0D-ACCF-7EB736FD4AA2): 10
LogDevObjectVersion:   Dev-Build (E1C64328-A22C-4D53-A36C-8E866417BD8C): 0
LogDevObjectVersion:   Dev-Core (375EC13C-06E4-48FB-B500-84F0262A717E): 4
LogDevObjectVersion:   Dev-Editor (E4B068ED-F494-42E9-A231-DA0B2E46BB41): 38
LogDevObjectVersion:   Dev-Framework (CFFC743F-43B0-4480-9391-14DF171D2073): 37
LogDevObjectVersion:   Dev-Mobile (B02B49B5-BB20-44E9-A304-32B752E40360): 2
LogDevObjectVersion:   Dev-Networking (A4E4105C-59A1-49B5-A7C5-40C4547EDFEE): 0
LogDevObjectVersion:   Dev-Online (39C831C9-5AE6-47DC-9A44-9C173E1C8E7C): 0
LogDevObjectVersion:   Dev-Physics (78F01B33-EBEA-4F98-B9B4-84EACCB95AA2): 4
LogDevObjectVersion:   Dev-Platform (6631380F-2D4D-43E0-8009-CF276956A95A): 0
LogDevObjectVersion:   Dev-Rendering (12F88B9F-8875-4AFC-A67C-D90C383ABD29): 43
LogDevObjectVersion:   Dev-Sequencer (7B5AE74C-D270-4C10-A958-57980B212A5A): 12
LogDevObjectVersion:   Dev-VR (D7296918-1DD6-4BDD-9DE2-64A83CC13884): 3
LogDevObjectVersion:   Dev-LoadTimes (C2A15278-BFE7-4AFE-6C17-90FF531DF755): 1
LogDevObjectVersion:   Private-Geometry (6EACA3D4-40EC-4CC1-B786-8BED09428FC5): 3
LogDevObjectVersion:   Dev-AnimPhys (29E575DD-E0A3-4627-9D10-D276232CDCEA): 17
LogDevObjectVersion:   Dev-Anim (AF43A65D-7FD3-4947-9873-3E8ED9C1BB05): 7
LogDevObjectVersion:   Dev-ReflectionCapture (6B266CEC-1EC7-4B8F-A30B-E4D90942FC07): 1
LogDevObjectVersion:   Dev-Automation (0DF73D61-A23F-47EA-B727-89E90C41499A): 1
LogDevObjectVersion:   FortniteMain (601D1886-AC64-4F84-AA16-D3DE0DEAC7D6): 31
LogDevObjectVersion:   Dev-Enterprise (9DFFBCD6-494F-0158-E221-12823C92A888): 10
LogDevObjectVersion:   Dev-Niagara (F2AED0AC-9AFE-416F-8664-AA7FFA26D6FC): 1
LogDevObjectVersion:   Dev-Destruction (174F1F0B-B4C6-45A5-B13F-2EE8D0FB917D): 10
LogDevObjectVersion:   Dev-Physics-Ext (35F94A83-E258-406C-A318-09F59610247C): 37
LogDevObjectVersion:   Dev-PhysicsMaterial-Chaos (B68FC16E-8B1B-42E2-B453-215C058844FE): 1
LogDevObjectVersion:   Dev-CineCamera (B2E18506-4273-CFC2-A54E-F4BB758BBA07): 1
LogInit: Presizing for max 25165824 objects, including 0 objects not considered by GC, pre-allocating 0 bytes for permanent pool.
LogConfig: Applying CVar settings from Section [/Script/Engine.StreamingSettings] File [D:/MazeBall/MazeBall/Saved/Config/Windows/Engine.ini]
LogConfig: Setting CVar [[s.MinBulkDataSizeForAsyncLoading:131072]]
LogConfig: Setting CVar [[s.AsyncLoadingThreadEnabled:0]]
LogConfig: Setting CVar [[s.EventDrivenLoaderEnabled:1]]
LogConfig: Setting CVar [[s.WarnIfTimeLimitExceeded:0]]
LogConfig: Setting CVar [[s.TimeLimitExceededMultiplier:1.5]]
LogConfig: Setting CVar [[s.TimeLimitExceededMinTime:0.005]]
LogConfig: Setting CVar [[s.UseBackgroundLevelStreaming:1]]
LogConfig: Setting CVar [[s.PriorityAsyncLoadingExtraTime:15.0]]
LogConfig: Setting CVar [[s.LevelStreamingActorsUpdateTimeLimit:5.0]]
LogConfig: Setting CVar [[s.PriorityLevelStreamingActorsUpdateExtraTime:5.0]]
LogConfig: Setting CVar [[s.LevelStreamingComponentsRegistrationGranularity:10]]
LogConfig: Setting CVar [[s.UnregisterComponentsTimeLimit:1.0]]
LogConfig: Setting CVar [[s.LevelStreamingComponentsUnregistrationGranularity:5]]
LogConfig: Setting CVar [[s.FlushStreamingOnExit:1]]
LogInit: Object subsystem initialized
LogConfig: Setting CVar [[con.DebugEarlyDefault:1]]
LogConfig: Setting CVar [[r.setres:1280x720]]
[2020.10.25-20.56.34:063][  0]LogConfig: Setting CVar [[r.VSync:0]]
[2020.10.25-20.56.34:063][  0]LogConfig: Setting CVar [[r.RHICmdBypass:0]]
[2020.10.25-20.56.34:063][  0]LogConfig: Applying CVar settings from Section [/Script/Engine.RendererSettings] File [D:/MazeBall/MazeBall/Saved/Config/Windows/Engine.ini]
[2020.10.25-20.56.34:064][  0]LogConfig: Setting CVar [[r.GPUCrashDebugging:0]]
[2020.10.25-20.56.34:064][  0]LogConfig: Applying CVar settings from Section [/Script/Engine.RendererOverrideSettings] File [D:/MazeBall/MazeBall/Saved/Config/Windows/Engine.ini]
[2020.10.25-20.56.34:064][  0]LogConfig: Applying CVar settings from Section [/Script/Engine.StreamingSettings] File [D:/MazeBall/MazeBall/Saved/Config/Windows/Engine.ini]
[2020.10.25-20.56.34:064][  0]LogConfig: Setting CVar [[s.MinBulkDataSizeForAsyncLoading:131072]]
[2020.10.25-20.56.34:064][  0]LogConfig: Setting CVar [[s.AsyncLoadingThreadEnabled:0]]
[2020.10.25-20.56.34:064][  0]LogConfig: Setting CVar [[s.EventDrivenLoaderEnabled:1]]
[2020.10.25-20.56.34:064][  0]LogConfig: Setting CVar [[s.WarnIfTimeLimitExceeded:0]]
[2020.10.25-20.56.34:064][  0]LogConfig: Setting CVar [[s.TimeLimitExceededMultiplier:1.5]]
[2020.10.25-20.56.34:064][  0]LogConfig: Setting CVar [[s.TimeLimitExceededMinTime:0.005]]
[2020.10.25-20.56.34:064][  0]LogConfig: Setting CVar [[s.UseBackgroundLevelStreaming:1]]
[2020.10.25-20.56.34:065][  0]LogConfig: Setting CVar [[s.PriorityAsyncLoadingExtraTime:15.0]]
[2020.10.25-20.56.34:065][  0]LogConfig: Setting CVar [[s.LevelStreamingActorsUpdateTimeLimit:5.0]]
[2020.10.25-20.56.34:065][  0]LogConfig: Setting CVar [[s.PriorityLevelStreamingActorsUpdateExtraTime:5.0]]
[2020.10.25-20.56.34:065][  0]LogConfig: Setting CVar [[s.LevelStreamingComponentsRegistrationGranularity:10]]
[2020.10.25-20.56.34:065][  0]LogConfig: Setting CVar [[s.UnregisterComponentsTimeLimit:1.0]]
[2020.10.25-20.56.34:065][  0]LogConfig: Setting CVar [[s.LevelStreamingComponentsUnregistrationGranularity:5]]
[2020.10.25-20.56.34:065][  0]LogConfig: Setting CVar [[s.FlushStreamingOnExit:1]]
[2020.10.25-20.56.34:065][  0]LogConfig: Applying CVar settings from Section [/Script/Engine.GarbageCollectionSettings] File [D:/MazeBall/MazeBall/Saved/Config/Windows/Engine.ini]
[2020.10.25-20.56.34:066][  0]LogConfig: Setting CVar [[gc.MaxObjectsNotConsideredByGC:1]]
[2020.10.25-20.56.34:066][  0]LogConfig: Setting CVar [[gc.SizeOfPermanentObjectPool:0]]
[2020.10.25-20.56.34:066][  0]LogConfig: Setting CVar [[gc.FlushStreamingOnGC:0]]
[2020.10.25-20.56.34:066][  0]LogConfig: Setting CVar [[gc.NumRetriesBeforeForcingGC:10]]
[2020.10.25-20.56.34:066][  0]LogConfig: Setting CVar [[gc.AllowParallelGC:1]]
[2020.10.25-20.56.34:066][  0]LogConfig: Setting CVar [[gc.TimeBetweenPurgingPendingKillObjects:61.1]]
[2020.10.25-20.56.34:066][  0]LogConfig: Setting CVar [[gc.MaxObjectsInEditor:25165824]]
[2020.10.25-20.56.34:066][  0]LogConfig: Setting CVar [[gc.IncrementalBeginDestroyEnabled:1]]
[2020.10.25-20.56.34:066][  0]LogConfig: Setting CVar [[gc.CreateGCClusters:1]]
[2020.10.25-20.56.34:066][  0]LogConfig: Setting CVar [[gc.MinGCClusterSize:5]]
[2020.10.25-20.56.34:067][  0]LogConfig: Setting CVar [[gc.ActorClusteringEnabled:0]]
[2020.10.25-20.56.34:067][  0]LogConfig: Setting CVar [[gc.BlueprintClusteringEnabled:0]]
[2020.10.25-20.56.34:067][  0]LogConfig: Setting CVar [[gc.UseDisregardForGCOnDedicatedServers:0]]
[2020.10.25-20.56.34:067][  0]LogConfig: Applying CVar settings from Section [/Script/Engine.NetworkSettings] File [D:/MazeBall/MazeBall/Saved/Config/Windows/Engine.ini]
[2020.10.25-20.56.34:067][  0]LogConfig: Applying CVar settings from Section [/Script/UnrealEd.CookerSettings] File [D:/MazeBall/MazeBall/Saved/Config/Windows/Engine.ini]
[2020.10.25-20.56.34:224][  0]LogConfig: Applying CVar settings from Section [ViewDistanceQuality@3] File [D:/MazeBall/MazeBall/Saved/Config/Windows/Scalability.ini]
[2020.10.25-20.56.34:225][  0]LogConfig: Setting CVar [[r.SkeletalMeshLODBias:0]]
[2020.10.25-20.56.34:225][  0]LogConfig: Setting CVar [[r.ViewDistanceScale:1.0]]
[2020.10.25-20.56.34:225][  0]LogConfig: Applying CVar settings from Section [AntiAliasingQuality@3] File [D:/MazeBall/MazeBall/Saved/Config/Windows/Scalability.ini]
[2020.10.25-20.56.34:225][  0]LogConfig: Setting CVar [[r.PostProcessAAQuality:4]]
[2020.10.25-20.56.34:225][  0]LogConfig: Applying CVar settings from Section [ShadowQuality@3] File [D:/MazeBall/MazeBall/Saved/Config/Windows/Scalability.ini]
[2020.10.25-20.56.34:225][  0]LogConfig: Setting CVar [[r.LightFunctionQuality:1]]
[2020.10.25-20.56.34:225][  0]LogConfig: Setting CVar [[r.ShadowQuality:5]]
[2020.10.25-20.56.34:226][  0]LogConfig: Setting CVar [[r.Shadow.CSM.MaxCascades:10]]
[2020.10.25-20.56.34:226][  0]LogConfig: Setting CVar [[r.Shadow.MaxResolution:2048]]
[2020.10.25-20.56.34:226][  0]LogConfig: Setting CVar [[r.Shadow.MaxCSMResolution:2048]]
[2020.10.25-20.56.34:226][  0]LogConfig: Setting CVar [[r.Shadow.RadiusThreshold:0.01]]
[2020.10.25-20.56.34:226][  0]LogConfig: Setting CVar [[r.Shadow.DistanceScale:1.0]]
[2020.10.25-20.56.34:226][  0]LogConfig: Setting CVar [[r.Shadow.CSM.TransitionScale:1.0]]
[2020.10.25-20.56.34:226][  0]LogConfig: Setting CVar [[r.Shadow.PreShadowResolutionFactor:1.0]]
[2020.10.25-20.56.34:226][  0]LogConfig: Setting CVar [[r.DistanceFieldShadowing:1]]
[2020.10.25-20.56.34:227][  0]LogConfig: Setting CVar [[r.DistanceFieldAO:1]]
[2020.10.25-20.56.34:227][  0]LogConfig: Setting CVar [[r.AOQuality:2]]
[2020.10.25-20.56.34:227][  0]LogConfig: Setting CVar [[r.VolumetricFog:1]]
[2020.10.25-20.56.34:227][  0]LogConfig: Setting CVar [[r.VolumetricFog.GridPixelSize:8]]
[2020.10.25-20.56.34:227][  0]LogConfig: Setting CVar [[r.VolumetricFog.GridSizeZ:128]]
[2020.10.25-20.56.34:227][  0]LogConfig: Setting CVar [[r.VolumetricFog.HistoryMissSupersampleCount:4]]
[2020.10.25-20.56.34:227][  0]LogConfig: Setting CVar [[r.LightMaxDrawDistanceScale:1]]
[2020.10.25-20.56.34:227][  0]LogConfig: Setting CVar [[r.CapsuleShadows:1]]
[2020.10.25-20.56.34:227][  0]LogConfig: Applying CVar settings from Section [PostProcessQuality@3] File [D:/MazeBall/MazeBall/Saved/Config/Windows/Scalability.ini]
[2020.10.25-20.56.34:227][  0]LogConfig: Setting CVar [[r.MotionBlurQuality:4]]
[2020.10.25-20.56.34:228][  0]LogConfig: Setting CVar [[r.AmbientOcclusionMipLevelFactor:0.4]]
[2020.10.25-20.56.34:228][  0]LogConfig: Setting CVar [[r.AmbientOcclusionMaxQuality:100]]
[2020.10.25-20.56.34:228][  0]LogConfig: Setting CVar [[r.AmbientOcclusionLevels:-1]]
[2020.10.25-20.56.34:228][  0]LogConfig: Setting CVar [[r.AmbientOcclusionRadiusScale:1.0]]
[2020.10.25-20.56.34:228][  0]LogConfig: Setting CVar [[r.DepthOfFieldQuality:2]]
[2020.10.25-20.56.34:228][  0]LogConfig: Setting CVar [[r.RenderTargetPoolMin:400]]
[2020.10.25-20.56.34:228][  0]LogConfig: Setting CVar [[r.LensFlareQuality:2]]
[2020.10.25-20.56.34:228][  0]LogConfig: Setting CVar [[r.SceneColorFringeQuality:1]]
[2020.10.25-20.56.34:228][  0]LogConfig: Setting CVar [[r.EyeAdaptationQuality:2]]
[2020.10.25-20.56.34:229][  0]LogConfig: Setting CVar [[r.BloomQuality:5]]
[2020.10.25-20.56.34:229][  0]LogConfig: Setting CVar [[r.FastBlurThreshold:100]]
[2020.10.25-20.56.34:229][  0]LogConfig: Setting CVar [[r.Upscale.Quality:3]]
[2020.10.25-20.56.34:229][  0]LogConfig: Setting CVar [[r.Tonemapper.GrainQuantization:1]]
[2020.10.25-20.56.34:229][  0]LogConfig: Setting CVar [[r.LightShaftQuality:1]]
[2020.10.25-20.56.34:229][  0]LogConfig: Setting CVar [[r.Filter.SizeScale:1]]
[2020.10.25-20.56.34:229][  0]LogConfig: Setting CVar [[r.Tonemapper.Quality:5]]
[2020.10.25-20.56.34:229][  0]LogConfig: Setting CVar [[r.DOF.Gather.AccumulatorQuality:1        ; higher gathering accumulator quality]]
[2020.10.25-20.56.34:229][  0]LogConfig: Setting CVar [[r.DOF.Gather.PostfilterMethod:1          ; Median3x3 postfilering method]]
[2020.10.25-20.56.34:229][  0]LogConfig: Setting CVar [[r.DOF.Gather.EnableBokehSettings:0       ; no bokeh simulation when gathering]]
[2020.10.25-20.56.34:230][  0]LogConfig: Setting CVar [[r.DOF.Gather.RingCount:4                 ; medium number of samples when gathering]]
[2020.10.25-20.56.34:230][  0]LogConfig: Setting CVar [[r.DOF.Scatter.ForegroundCompositing:1    ; additive foreground scattering]]
[2020.10.25-20.56.34:230][  0]LogConfig: Setting CVar [[r.DOF.Scatter.BackgroundCompositing:2    ; additive background scattering]]
[2020.10.25-20.56.34:230][  0]LogConfig: Setting CVar [[r.DOF.Scatter.EnableBokehSettings:1      ; bokeh simulation when scattering]]
[2020.10.25-20.56.34:230][  0]LogConfig: Setting CVar [[r.DOF.Scatter.MaxSpriteRatio:0.1         ; only a maximum of 10% of scattered bokeh]]
[2020.10.25-20.56.34:230][  0]LogConfig: Setting CVar [[r.DOF.Recombine.Quality:1                ; cheap slight out of focus]]
[2020.10.25-20.56.34:230][  0]LogConfig: Setting CVar [[r.DOF.Recombine.EnableBokehSettings:0    ; no bokeh simulation on slight out of focus]]
[2020.10.25-20.56.34:230][  0]LogConfig: Setting CVar [[r.DOF.TemporalAAQuality:1                ; more stable temporal accumulation]]
[2020.10.25-20.56.34:230][  0]LogConfig: Setting CVar [[r.DOF.Kernel.MaxForegroundRadius:0.025]]
[2020.10.25-20.56.34:231][  0]LogConfig: Setting CVar [[r.DOF.Kernel.MaxBackgroundRadius:0.025]]
[2020.10.25-20.56.34:231][  0]LogConfig: Applying CVar settings from Section [TextureQuality@3] File [D:/MazeBall/MazeBall/Saved/Config/Windows/Scalability.ini]
[2020.10.25-20.56.34:231][  0]LogConfig: Setting CVar [[r.Streaming.MipBias:0]]
[2020.10.25-20.56.34:231][  0]LogConfig: Setting CVar [[r.Streaming.AmortizeCPUToGPUCopy:0]]
[2020.10.25-20.56.34:231][  0]LogConfig: Setting CVar [[r.Streaming.MaxNumTexturesToStreamPerFrame:0]]
[2020.10.25-20.56.34:231][  0]LogConfig: Setting CVar [[r.Streaming.Boost:1]]
[2020.10.25-20.56.34:231][  0]LogConfig: Setting CVar [[r.MaxAnisotropy:8]]
[2020.10.25-20.56.34:231][  0]LogConfig: Setting CVar [[r.VT.MaxAnisotropy:8]]
[2020.10.25-20.56.34:231][  0]LogConfig: Setting CVar [[r.Streaming.LimitPoolSizeToVRAM:0]]
[2020.10.25-20.56.34:232][  0]LogConfig: Setting CVar [[r.Streaming.PoolSize:1000]]
[2020.10.25-20.56.34:232][  0]LogConfig: Setting CVar [[r.Streaming.MaxEffectiveScreenSize:0]]
[2020.10.25-20.56.34:232][  0]LogConfig: Applying CVar settings from Section [EffectsQuality@3] File [D:/MazeBall/MazeBall/Saved/Config/Windows/Scalability.ini]
[2020.10.25-20.56.34:232][  0]LogConfig: Setting CVar [[r.TranslucencyLightingVolumeDim:64]]
[2020.10.25-20.56.34:232][  0]LogConfig: Setting CVar [[r.RefractionQuality:2]]
[2020.10.25-20.56.34:232][  0]LogConfig: Setting CVar [[r.SSR.Quality:3]]
[2020.10.25-20.56.34:232][  0]LogConfig: Setting CVar [[r.SSR.HalfResSceneColor:0]]
[2020.10.25-20.56.34:232][  0]LogConfig: Setting CVar [[r.SceneColorFormat:4]]
[2020.10.25-20.56.34:232][  0]LogConfig: Setting CVar [[r.DetailMode:2]]
[2020.10.25-20.56.34:233][  0]LogConfig: Setting CVar [[r.TranslucencyVolumeBlur:1]]
[2020.10.25-20.56.34:233][  0]LogConfig: Setting CVar [[r.MaterialQualityLevel:1 ; High quality]]
[2020.10.25-20.56.34:233][  0]LogConfig: Setting CVar [[r.SSS.Scale:1]]
[2020.10.25-20.56.34:233][  0]LogConfig: Setting CVar [[r.SSS.SampleSet:2]]
[2020.10.25-20.56.34:233][  0]LogConfig: Setting CVar [[r.SSS.Quality:1]]
[2020.10.25-20.56.34:233][  0]LogConfig: Setting CVar [[r.SSS.HalfRes:0]]
[2020.10.25-20.56.34:233][  0]LogConfig: Setting CVar [[r.SSGI.Quality:3]]
[2020.10.25-20.56.34:233][  0]LogConfig: Setting CVar [[r.EmitterSpawnRateScale:1.0]]
[2020.10.25-20.56.34:233][  0]LogConfig: Setting CVar [[r.ParticleLightQuality:2]]
[2020.10.25-20.56.34:234][  0]LogConfig: Setting CVar [[r.SkyAtmosphere.AerialPerspectiveLUT.FastApplyOnOpaque:1 ; Always have FastSkyLUT 1 in this case to avoid wrong sky]]
[2020.10.25-20.56.34:234][  0]LogConfig: Setting CVar [[r.SkyAtmosphere.AerialPerspectiveLUT.SampleCountPerSlice:1]]
[2020.10.25-20.56.34:234][  0]LogConfig: Setting CVar [[r.SkyAtmosphere.AerialPerspectiveLUT.DepthResolution:16.0]]
[2020.10.25-20.56.34:234][  0]LogConfig: Setting CVar [[r.SkyAtmosphere.FastSkyLUT:1]]
[2020.10.25-20.56.34:234][  0]LogConfig: Setting CVar [[r.SkyAtmosphere.FastSkyLUT.SampleCountMin:4.0]]
[2020.10.25-20.56.34:234][  0]LogConfig: Setting CVar [[r.SkyAtmosphere.FastSkyLUT.SampleCountMax:32.0]]
[2020.10.25-20.56.34:234][  0]LogConfig: Setting CVar [[r.SkyAtmosphere.SampleCountMin:4.0]]
[2020.10.25-20.56.34:234][  0]LogConfig: Setting CVar [[r.SkyAtmosphere.SampleCountMax:32.0]]
[2020.10.25-20.56.34:234][  0]LogConfig: Setting CVar [[r.SkyAtmosphere.TransmittanceLUT.UseSmallFormat:0]]
[2020.10.25-20.56.34:235][  0]LogConfig: Setting CVar [[r.SkyAtmosphere.TransmittanceLUT.SampleCount:10.0]]
[2020.10.25-20.56.34:235][  0]LogConfig: Setting CVar [[r.SkyAtmosphere.MultiScatteringLUT.SampleCount:15.0]]
[2020.10.25-20.56.34:235][  0]LogConfig: Applying CVar settings from Section [FoliageQuality@3] File [D:/MazeBall/MazeBall/Saved/Config/Windows/Scalability.ini]
[2020.10.25-20.56.34:235][  0]LogConfig: Setting CVar [[foliage.DensityScale:1.0]]
[2020.10.25-20.56.34:235][  0]LogConfig: Setting CVar [[grass.DensityScale:1.0]]
[2020.10.25-20.56.34:235][  0]LogConfig: Applying CVar settings from Section [ShadingQuality@3] File [D:/MazeBall/MazeBall/Saved/Config/Windows/Scalability.ini]
[2020.10.25-20.56.34:235][  0]LogConfig: Setting CVar [[r.HairStrands.SkyLighting.SampleCount:16]]
[2020.10.25-20.56.34:235][  0]LogConfig: Setting CVar [[r.HairStrands.SkyLighting.JitterIntegration:0]]
[2020.10.25-20.56.34:236][  0]LogConfig: Setting CVar [[r.HairStrands.SkyAO.SampleCount:16]]
[2020.10.25-20.56.34:236][  0]LogConfig: Setting CVar [[r.HairStrands.DeepShadow.SuperSampling:0]]
[2020.10.25-20.56.34:236][  0]LogConfig: Setting CVar [[r.HairStrands.VisibilityPPLL:0]]
[2020.10.25-20.56.34:236][  0]LogConfig: Setting CVar [[r.HairStrands.RasterizationScale:0.5]]
[2020.10.25-20.56.34:236][  0]LogConfig: Setting CVar [[r.HairStrands.VelocityRasterizationScale:1]]
[2020.10.25-20.56.34:279][  0]LogInit: Selected Device Profile: [Windows]
[2020.10.25-20.56.34:294][  0]LogInit: Applying CVar settings loaded from the selected device profile: [Windows]
[2020.10.25-20.56.34:307][  0]LogHAL: Display: Platform has ~ 4 GB [4092243968 / 4294967296 / 4], which maps to Smallest [LargestMinGB=32, LargerMinGB=12, DefaultMinGB=8, SmallerMinGB=6, SmallestMinGB=0)
[2020.10.25-20.56.34:307][  0]LogInit: Going up to parent DeviceProfile []
[2020.10.25-20.56.34:309][  0]LogConfig: Applying CVar settings from Section [ViewDistanceQuality@3] File [D:/MazeBall/MazeBall/Saved/Config/Windows/Scalability.ini]
[2020.10.25-20.56.34:310][  0]LogConfig: Setting CVar [[r.SkeletalMeshLODBias:0]]
[2020.10.25-20.56.34:310][  0]LogConfig: Setting CVar [[r.ViewDistanceScale:1.0]]
[2020.10.25-20.56.34:310][  0]LogConfig: Applying CVar settings from Section [AntiAliasingQuality@3] File [D:/MazeBall/MazeBall/Saved/Config/Windows/Scalability.ini]
[2020.10.25-20.56.34:310][  0]LogConfig: Setting CVar [[r.PostProcessAAQuality:4]]
[2020.10.25-20.56.34:310][  0]LogConfig: Applying CVar settings from Section [ShadowQuality@3] File [D:/MazeBall/MazeBall/Saved/Config/Windows/Scalability.ini]
[2020.10.25-20.56.34:310][  0]LogConfig: Setting CVar [[r.LightFunctionQuality:1]]
[2020.10.25-20.56.34:310][  0]LogConfig: Setting CVar [[r.ShadowQuality:5]]
[2020.10.25-20.56.34:310][  0]LogConfig: Setting CVar [[r.Shadow.CSM.MaxCascades:10]]
[2020.10.25-20.56.34:311][  0]LogConfig: Setting CVar [[r.Shadow.MaxResolution:2048]]
[2020.10.25-20.56.34:311][  0]LogConfig: Setting CVar [[r.Shadow.MaxCSMResolution:2048]]
[2020.10.25-20.56.34:311][  0]LogConfig: Setting CVar [[r.Shadow.RadiusThreshold:0.01]]
[2020.10.25-20.56.34:311][  0]LogConfig: Setting CVar [[r.Shadow.DistanceScale:1.0]]
[2020.10.25-20.56.34:311][  0]LogConfig: Setting CVar [[r.Shadow.CSM.TransitionScale:1.0]]
[2020.10.25-20.56.34:311][  0]LogConfig: Setting CVar [[r.Shadow.PreShadowResolutionFactor:1.0]]
[2020.10.25-20.56.34:311][  0]LogConfig: Setting CVar [[r.DistanceFieldShadowing:1]]
[2020.10.25-20.56.34:311][  0]LogConfig: Setting CVar [[r.DistanceFieldAO:1]]
[2020.10.25-20.56.34:311][  0]LogConfig: Setting CVar [[r.AOQuality:2]]
[2020.10.25-20.56.34:311][  0]LogConfig: Setting CVar [[r.VolumetricFog:1]]
[2020.10.25-20.56.34:312][  0]LogConfig: Setting CVar [[r.VolumetricFog.GridPixelSize:8]]
[2020.10.25-20.56.34:312][  0]LogConfig: Setting CVar [[r.VolumetricFog.GridSizeZ:128]]
[2020.10.25-20.56.34:312][  0]LogConfig: Setting CVar [[r.VolumetricFog.HistoryMissSupersampleCount:4]]
[2020.10.25-20.56.34:312][  0]LogConfig: Setting CVar [[r.LightMaxDrawDistanceScale:1]]
[2020.10.25-20.56.34:312][  0]LogConfig: Setting CVar [[r.CapsuleShadows:1]]
[2020.10.25-20.56.34:312][  0]LogConfig: Applying CVar settings from Section [PostProcessQuality@3] File [D:/MazeBall/MazeBall/Saved/Config/Windows/Scalability.ini]
[2020.10.25-20.56.34:312][  0]LogConfig: Setting CVar [[r.MotionBlurQuality:4]]
[2020.10.25-20.56.34:312][  0]LogConfig: Setting CVar [[r.AmbientOcclusionMipLevelFactor:0.4]]
[2020.10.25-20.56.34:312][  0]LogConfig: Setting CVar [[r.AmbientOcclusionMaxQuality:100]]
[2020.10.25-20.56.34:313][  0]LogConfig: Setting CVar [[r.AmbientOcclusionLevels:-1]]
[2020.10.25-20.56.34:313][  0]LogConfig: Setting CVar [[r.AmbientOcclusionRadiusScale:1.0]]
[2020.10.25-20.56.34:313][  0]LogConfig: Setting CVar [[r.DepthOfFieldQuality:2]]
[2020.10.25-20.56.34:313][  0]LogConfig: Setting CVar [[r.RenderTargetPoolMin:400]]
[2020.10.25-20.56.34:313][  0]LogConfig: Setting CVar [[r.LensFlareQuality:2]]
[2020.10.25-20.56.34:313][  0]LogConfig: Setting CVar [[r.SceneColorFringeQuality:1]]
[2020.10.25-20.56.34:313][  0]LogConfig: Setting CVar [[r.EyeAdaptationQuality:2]]
[2020.10.25-20.56.34:313][  0]LogConfig: Setting CVar [[r.BloomQuality:5]]
[2020.10.25-20.56.34:313][  0]LogConfig: Setting CVar [[r.FastBlurThreshold:100]]
[2020.10.25-20.56.34:314][  0]LogConfig: Setting CVar [[r.Upscale.Quality:3]]
[2020.10.25-20.56.34:314][  0]LogConfig: Setting CVar [[r.Tonemapper.GrainQuantization:1]]
[2020.10.25-20.56.34:314][  0]LogConfig: Setting CVar [[r.LightShaftQuality:1]]
[2020.10.25-20.56.34:314][  0]LogConfig: Setting CVar [[r.Filter.SizeScale:1]]
[2020.10.25-20.56.34:314][  0]LogConfig: Setting CVar [[r.Tonemapper.Quality:5]]
[2020.10.25-20.56.34:314][  0]LogConfig: Setting CVar [[r.DOF.Gather.AccumulatorQuality:1        ; higher gathering accumulator quality]]
[2020.10.25-20.56.34:314][  0]LogConfig: Setting CVar [[r.DOF.Gather.PostfilterMethod:1          ; Median3x3 postfilering method]]
[2020.10.25-20.56.34:314][  0]LogConfig: Setting CVar [[r.DOF.Gather.EnableBokehSettings:0       ; no bokeh simulation when gathering]]
[2020.10.25-20.56.34:314][  0]LogConfig: Setting CVar [[r.DOF.Gather.RingCount:4                 ; medium number of samples when gathering]]
[2020.10.25-20.56.34:314][  0]LogConfig: Setting CVar [[r.DOF.Scatter.ForegroundCompositing:1    ; additive foreground scattering]]
[2020.10.25-20.56.34:315][  0]LogConfig: Setting CVar [[r.DOF.Scatter.BackgroundCompositing:2    ; additive background scattering]]
[2020.10.25-20.56.34:315][  0]LogConfig: Setting CVar [[r.DOF.Scatter.EnableBokehSettings:1      ; bokeh simulation when scattering]]
[2020.10.25-20.56.34:315][  0]LogConfig: Setting CVar [[r.DOF.Scatter.MaxSpriteRatio:0.1         ; only a maximum of 10% of scattered bokeh]]
[2020.10.25-20.56.34:315][  0]LogConfig: Setting CVar [[r.DOF.Recombine.Quality:1                ; cheap slight out of focus]]
[2020.10.25-20.56.34:315][  0]LogConfig: Setting CVar [[r.DOF.Recombine.EnableBokehSettings:0    ; no bokeh simulation on slight out of focus]]
[2020.10.25-20.56.34:315][  0]LogConfig: Setting CVar [[r.DOF.TemporalAAQuality:1                ; more stable temporal accumulation]]
[2020.10.25-20.56.34:315][  0]LogConfig: Setting CVar [[r.DOF.Kernel.MaxForegroundRadius:0.025]]
[2020.10.25-20.56.34:315][  0]LogConfig: Setting CVar [[r.DOF.Kernel.MaxBackgroundRadius:0.025]]
[2020.10.25-20.56.34:315][  0]LogConfig: Applying CVar settings from Section [TextureQuality@3] File [D:/MazeBall/MazeBall/Saved/Config/Windows/Scalability.ini]
[2020.10.25-20.56.34:316][  0]LogConfig: Setting CVar [[r.Streaming.MipBias:0]]
[2020.10.25-20.56.34:316][  0]LogConfig: Setting CVar [[r.Streaming.AmortizeCPUToGPUCopy:0]]
[2020.10.25-20.56.34:316][  0]LogConfig: Setting CVar [[r.Streaming.MaxNumTexturesToStreamPerFrame:0]]
[2020.10.25-20.56.34:316][  0]LogConfig: Setting CVar [[r.Streaming.Boost:1]]
[2020.10.25-20.56.34:316][  0]LogConfig: Setting CVar [[r.MaxAnisotropy:8]]
[2020.10.25-20.56.34:316][  0]LogConfig: Setting CVar [[r.VT.MaxAnisotropy:8]]
[2020.10.25-20.56.34:316][  0]LogConfig: Setting CVar [[r.Streaming.LimitPoolSizeToVRAM:0]]
[2020.10.25-20.56.34:316][  0]LogConfig: Setting CVar [[r.Streaming.PoolSize:1000]]
[2020.10.25-20.56.34:316][  0]LogConfig: Setting CVar [[r.Streaming.MaxEffectiveScreenSize:0]]
[2020.10.25-20.56.34:317][  0]LogConfig: Applying CVar settings from Section [EffectsQuality@3] File [D:/MazeBall/MazeBall/Saved/Config/Windows/Scalability.ini]
[2020.10.25-20.56.34:317][  0]LogConfig: Setting CVar [[r.TranslucencyLightingVolumeDim:64]]
[2020.10.25-20.56.34:317][  0]LogConfig: Setting CVar [[r.RefractionQuality:2]]
[2020.10.25-20.56.34:317][  0]LogConfig: Setting CVar [[r.SSR.Quality:3]]
[2020.10.25-20.56.34:317][  0]LogConfig: Setting CVar [[r.SSR.HalfResSceneColor:0]]
[2020.10.25-20.56.34:317][  0]LogConfig: Setting CVar [[r.SceneColorFormat:4]]
[2020.10.25-20.56.34:317][  0]LogConfig: Setting CVar [[r.DetailMode:2]]
[2020.10.25-20.56.34:317][  0]LogConfig: Setting CVar [[r.TranslucencyVolumeBlur:1]]
[2020.10.25-20.56.34:317][  0]LogConfig: Setting CVar [[r.MaterialQualityLevel:1 ; High quality]]
[2020.10.25-20.56.34:318][  0]LogConfig: Setting CVar [[r.SSS.Scale:1]]
[2020.10.25-20.56.34:318][  0]LogConfig: Setting CVar [[r.SSS.SampleSet:2]]
[2020.10.25-20.56.34:318][  0]LogConfig: Setting CVar [[r.SSS.Quality:1]]
[2020.10.25-20.56.34:318][  0]LogConfig: Setting CVar [[r.SSS.HalfRes:0]]
[2020.10.25-20.56.34:318][  0]LogConfig: Setting CVar [[r.SSGI.Quality:3]]
[2020.10.25-20.56.34:318][  0]LogConfig: Setting CVar [[r.EmitterSpawnRateScale:1.0]]
[2020.10.25-20.56.34:318][  0]LogConfig: Setting CVar [[r.ParticleLightQuality:2]]
[2020.10.25-20.56.34:318][  0]LogConfig: Setting CVar [[r.SkyAtmosphere.AerialPerspectiveLUT.FastApplyOnOpaque:1 ; Always have FastSkyLUT 1 in this case to avoid wrong sky]]
[2020.10.25-20.56.34:318][  0]LogConfig: Setting CVar [[r.SkyAtmosphere.AerialPerspectiveLUT.SampleCountPerSlice:1]]
[2020.10.25-20.56.34:319][  0]LogConfig: Setting CVar [[r.SkyAtmosphere.AerialPerspectiveLUT.DepthResolution:16.0]]
[2020.10.25-20.56.34:319][  0]LogConfig: Setting CVar [[r.SkyAtmosphere.FastSkyLUT:1]]
[2020.10.25-20.56.34:319][  0]LogConfig: Setting CVar [[r.SkyAtmosphere.FastSkyLUT.SampleCountMin:4.0]]
[2020.10.25-20.56.34:319][  0]LogConfig: Setting CVar [[r.SkyAtmosphere.FastSkyLUT.SampleCountMax:32.0]]
[2020.10.25-20.56.34:319][  0]LogConfig: Setting CVar [[r.SkyAtmosphere.SampleCountMin:4.0]]
[2020.10.25-20.56.34:319][  0]LogConfig: Setting CVar [[r.SkyAtmosphere.SampleCountMax:32.0]]
[2020.10.25-20.56.34:319][  0]LogConfig: Setting CVar [[r.SkyAtmosphere.TransmittanceLUT.UseSmallFormat:0]]
[2020.10.25-20.56.34:319][  0]LogConfig: Setting CVar [[r.SkyAtmosphere.TransmittanceLUT.SampleCount:10.0]]
[2020.10.25-20.56.34:319][  0]LogConfig: Setting CVar [[r.SkyAtmosphere.MultiScatteringLUT.SampleCount:15.0]]
[2020.10.25-20.56.34:320][  0]LogConfig: Applying CVar settings from Section [FoliageQuality@3] File [D:/MazeBall/MazeBall/Saved/Config/Windows/Scalability.ini]
[2020.10.25-20.56.34:320][  0]LogConfig: Setting CVar [[foliage.DensityScale:1.0]]
[2020.10.25-20.56.34:320][  0]LogConfig: Setting CVar [[grass.DensityScale:1.0]]
[2020.10.25-20.56.34:320][  0]LogConfig: Applying CVar settings from Section [ShadingQuality@3] File [D:/MazeBall/MazeBall/Saved/Config/Windows/Scalability.ini]
[2020.10.25-20.56.34:320][  0]LogConfig: Setting CVar [[r.HairStrands.SkyLighting.SampleCount:16]]
[2020.10.25-20.56.34:320][  0]LogConfig: Setting CVar [[r.HairStrands.SkyLighting.JitterIntegration:0]]
[2020.10.25-20.56.34:320][  0]LogConfig: Setting CVar [[r.HairStrands.SkyAO.SampleCount:16]]
[2020.10.25-20.56.34:320][  0]LogConfig: Setting CVar [[r.HairStrands.DeepShadow.SuperSampling:0]]
[2020.10.25-20.56.34:320][  0]LogConfig: Setting CVar [[r.HairStrands.VisibilityPPLL:0]]
[2020.10.25-20.56.34:321][  0]LogConfig: Setting CVar [[r.HairStrands.RasterizationScale:0.5]]
[2020.10.25-20.56.34:321][  0]LogConfig: Setting CVar [[r.HairStrands.VelocityRasterizationScale:1]]
[2020.10.25-20.56.34:321][  0]LogConfig: Applying CVar settings from Section [Startup] File [../../../Engine/Config/ConsoleVariables.ini]
[2020.10.25-20.56.34:400][  0]LogConfig: Setting CVar [[net.UseAdaptiveNetUpdateFrequency:0]]
[2020.10.25-20.56.34:400][  0]LogConfig: Setting CVar [[p.chaos.AllowCreatePhysxBodies:1]]
[2020.10.25-20.56.34:400][  0]LogConfig: Setting CVar [[fx.SkipVectorVMBackendOptimizations:1]]
[2020.10.25-20.56.34:400][  0]LogConfig: Applying CVar settings from Section [ConsoleVariables] File [D:/MazeBall/MazeBall/Saved/Config/Windows/Engine.ini]
[2020.10.25-20.56.34:424][  0]LogInit: Computer: LAPTOP-70ON009M
[2020.10.25-20.56.34:424][  0]LogInit: User: Abisai
[2020.10.25-20.56.34:433][  0]LogInit: CPU Page size=4096, Cores=4
[2020.10.25-20.56.34:433][  0]LogInit: High frequency timer resolution =10.000000 MHz
[2020.10.25-20.56.34:502][  0]LogMemory: Memory total: Physical=3.8GB (4GB approx)
[2020.10.25-20.56.34:549][  0]LogMemory: Platform Memory Stats for Windows
[2020.10.25-20.56.34:549][  0]LogMemory: Process Physical Memory: 112.42 MB used, 112.43 MB peak
[2020.10.25-20.56.34:549][  0]LogMemory: Process Virtual Memory: 95.27 MB used, 95.27 MB peak
[2020.10.25-20.56.34:549][  0]LogMemory: Physical Memory: 3271.10 MB used,  631.57 MB free, 3902.67 MB total
[2020.10.25-20.56.34:550][  0]LogMemory: Virtual Memory: 5126.78 MB used,  134212600.00 MB free, 134217728.00 MB total
[2020.10.25-20.56.34:563][  0]LogWindows: WindowsPlatformFeatures enabled
[2020.10.25-20.56.36:520][  0]LogInit: Physics initialised using underlying interface: PhysX
[2020.10.25-20.56.36:590][  0]LogInit: Using OS detected language (en-US).
[2020.10.25-20.56.36:590][  0]LogInit: Using OS detected locale (en-US).
[2020.10.25-20.56.36:944][  0]LogTextLocalizationManager: No specific localization for 'en-US' exists, so the 'en' localization will be used.
[2020.10.25-20.56.40:775][  0]LogInit: Setting process to per monitor DPI aware
[2020.10.25-20.56.41:916][  0]LogSlate: New Slate User Created.  User Index 0, Is Virtual User: 0
[2020.10.25-20.56.41:916][  0]LogSlate: Slate User Registered.  User Index 0, Is Virtual User: 0
[2020.10.25-20.56.54:561][  0]LogHMD: Failed to initialize OpenVR with code 110
[2020.10.25-20.56.54:565][  0]LogD3D11RHI: D3D11 min allowed feature level: 11_0
[2020.10.25-20.56.54:565][  0]LogD3D11RHI: D3D11 max allowed feature level: 11_0
[2020.10.25-20.56.54:565][  0]LogD3D11RHI: D3D11 adapters:
[2020.10.25-20.56.54:747][  0]LogD3D11RHI:    0. 'Intel(R) UHD Graphics 605' (Feature Level 11_0)
[2020.10.25-20.56.54:747][  0]LogD3D11RHI:       128/0/1951 MB DedicatedVideo/DedicatedSystem/SharedSystem, Outputs:1, VendorId:0x8086
[2020.10.25-20.56.54:757][  0]LogD3D11RHI:    1. 'Microsoft Basic Render Driver' (Feature Level 11_0)
[2020.10.25-20.56.54:757][  0]LogD3D11RHI:       0/0/1951 MB DedicatedVideo/DedicatedSystem/SharedSystem, Outputs:0, VendorId:0x1414
[2020.10.25-20.56.54:757][  0]LogD3D11RHI: Chosen D3D11 Adapter: 0
[2020.10.25-20.56.54:773][  0]LogD3D11RHI: Creating new Direct3DDevice
[2020.10.25-20.56.54:773][  0]LogD3D11RHI:     GPU DeviceId: 0x3184 (for the marketing name, search the web for "GPU Device Id")
[2020.10.25-20.56.54:790][  0]LogWindows: EnumDisplayDevices:
[2020.10.25-20.56.54:795][  0]LogWindows:    0. 'Intel(R) UHD Graphics 605' (P:1 D:1)
[2020.10.25-20.56.54:795][  0]LogWindows:    1. 'Intel(R) UHD Graphics 605' (P:0 D:0)
[2020.10.25-20.56.54:797][  0]LogWindows:    2. 'Intel(R) UHD Graphics 605' (P:0 D:0)
[2020.10.25-20.56.54:798][  0]LogWindows: DebugString: FoundDriverCount:3 
[2020.10.25-20.56.54:799][  0]LogD3D11RHI:     Adapter Name: Intel(R) UHD Graphics 605
[2020.10.25-20.56.54:799][  0]LogD3D11RHI:   Driver Version: 23.20.16.4927 (internal:23.20.16.4927, unified:23.20.16.4927)
[2020.10.25-20.56.54:799][  0]LogD3D11RHI:      Driver Date: 1-23-2018
[2020.10.25-20.56.54:799][  0]LogRHI: Texture pool is 772 MB (70% of 1103 MB)
[2020.10.25-20.56.54:915][  0]LogD3D11RHI: RHI does not have support for 64 bit atomics
[2020.10.25-20.56.54:915][  0]LogD3D11RHI: Async texture creation enabled
[2020.10.25-20.56.54:915][  0]LogD3D11RHI: Array index from any shader is supported
[2020.10.25-20.56.55:504][  0]LogD3D11RHI: GPU Timing Frequency: 19.200123 (Debug: 2 0)
[2020.10.25-20.56.56:320][  0]LogTargetPlatformManager: Display: Loaded TargetPlatform 'AllDesktop'
[2020.10.25-20.56.56:475][  0]LogTargetPlatformManager: Display: Loaded TargetPlatform 'Android'
[2020.10.25-20.56.56:475][  0]LogTargetPlatformManager: Display: Loaded TargetPlatform 'Android_ASTC'
[2020.10.25-20.56.56:475][  0]LogTargetPlatformManager: Display: Loaded TargetPlatform 'Android_DXT'
[2020.10.25-20.56.56:475][  0]LogTargetPlatformManager: Display: Loaded TargetPlatform 'Android_ETC2'
[2020.10.25-20.56.56:475][  0]LogTargetPlatformManager: Display: Loaded TargetPlatform 'AndroidClient'
[2020.10.25-20.56.56:475][  0]LogTargetPlatformManager: Display: Loaded TargetPlatform 'Android_ASTCClient'
[2020.10.25-20.56.56:475][  0]LogTargetPlatformManager: Display: Loaded TargetPlatform 'Android_DXTClient'
[2020.10.25-20.56.56:475][  0]LogTargetPlatformManager: Display: Loaded TargetPlatform 'Android_ETC2Client'
[2020.10.25-20.56.56:475][  0]LogTargetPlatformManager: Display: Loaded TargetPlatform 'Android_Multi'
[2020.10.25-20.56.56:475][  0]LogTargetPlatformManager: Display: Loaded TargetPlatform 'Android_MultiClient'
[2020.10.25-20.56.56:754][  0]LogTargetPlatformManager: Display: Loaded TargetPlatform 'IOSClient'
[2020.10.25-20.56.56:755][  0]LogTargetPlatformManager: Display: Loaded TargetPlatform 'IOS'
[2020.10.25-20.56.57:026][  0]LogTargetPlatformManager: Display: Loaded TargetPlatform 'Linux'
[2020.10.25-20.56.57:109][  0]LogTargetPlatformManager: Display: Loaded TargetPlatform 'LinuxNoEditor'
[2020.10.25-20.56.57:164][  0]LogTargetPlatformManager: Display: Loaded TargetPlatform 'LinuxClient'
[2020.10.25-20.56.57:290][  0]LogTargetPlatformManager: Display: Loaded TargetPlatform 'LinuxServer'
[2020.10.25-20.56.57:413][  0]LogTargetPlatformManager: Display: Loaded TargetPlatform 'LinuxAArch64NoEditor'
[2020.10.25-20.56.57:499][  0]LogTargetPlatformManager: Display: Loaded TargetPlatform 'LinuxAArch64Client'
[2020.10.25-20.56.57:551][  0]LogTargetPlatformManager: Display: Loaded TargetPlatform 'LinuxAArch64Server'
[2020.10.25-20.56.57:664][  0]LogTargetPlatformManager: Display: Loaded TargetPlatform 'Lumin'
[2020.10.25-20.56.57:664][  0]LogTargetPlatformManager: Display: Loaded TargetPlatform 'LuminClient'
[2020.10.25-20.56.57:727][  0]LogTargetPlatformManager: Display: Loaded TargetPlatform 'TVOSClient'
[2020.10.25-20.56.57:727][  0]LogTargetPlatformManager: Display: Loaded TargetPlatform 'TVOS'
[2020.10.25-20.56.57:878][  0]LogTargetPlatformManager: Display: Loaded TargetPlatform 'WindowsNoEditor'
[2020.10.25-20.56.57:933][  0]LogTargetPlatformManager: Display: Loaded TargetPlatform 'Windows'
[2020.10.25-20.56.57:992][  0]LogTargetPlatformManager: Display: Loaded TargetPlatform 'WindowsClient'
[2020.10.25-20.56.58:129][  0]LogTargetPlatformManager: Display: Loaded TargetPlatform 'WindowsServer'
[2020.10.25-20.56.58:129][  0]LogTargetPlatformManager: Display: Building Assets For Windows
[2020.10.25-20.56.58:448][  0]LogAudioDebug: Display: Lib vorbis DLL was dynamically loaded.
[2020.10.25-20.57.00:729][  0]LogShaderCompilers: Guid format shader working directory is 16 characters bigger than the processId version (../../../../../MazeBall/MazeBall/Intermediate/Shaders/WorkingDirectory/944/).
[2020.10.25-20.57.00:730][  0]LogShaderCompilers: Cleaned the shader compiler working directory 'C:/Users/Abisai/AppData/Local/Temp/UnrealShaderWorkingDir/06DFED9A47D2599D5DA95ABDCD084D80/'.
[2020.10.25-20.57.00:759][  0]LogXGEController: Cannot use XGE Controller as Incredibuild is not installed on this machine.
[2020.10.25-20.57.00:759][  0]LogShaderCompilers: Cannot use XGE Shader Compiler as Incredibuild is not installed on this machine.
[2020.10.25-20.57.00:759][  0]LogShaderCompilers: Display: Using Local Shader Compiler.
[2020.10.25-20.57.13:527][  0]LogDerivedDataCache: Display: Max Cache Size: 512 MB
[2020.10.25-20.57.13:997][  0]LogDerivedDataCache: Loaded boot cache 0.47s 76MB C:/Users/Abisai/AppData/Local/UnrealEngine/4.25/DerivedDataCache/Boot.ddc.
[2020.10.25-20.57.13:998][  0]LogDerivedDataCache: Display: Loaded Boot cache: C:/Users/Abisai/AppData/Local/UnrealEngine/4.25/DerivedDataCache/Boot.ddc
[2020.10.25-20.57.13:998][  0]LogDerivedDataCache: FDerivedDataBackendGraph:  Pak pak cache file ../../../../../MazeBall/MazeBall/DerivedDataCache/DDC.ddp not found, will not use a pak cache.
[2020.10.25-20.57.13:998][  0]LogDerivedDataCache: Unable to find inner node Pak for hierarchical cache Hierarchy.
[2020.10.25-20.57.13:998][  0]LogDerivedDataCache: FDerivedDataBackendGraph:  CompressedPak pak cache file ../../../../../MazeBall/MazeBall/DerivedDataCache/Compressed.ddp not found, will not use a pak cache.
[2020.10.25-20.57.13:998][  0]LogDerivedDataCache: Unable to find inner node CompressedPak for hierarchical cache Hierarchy.
[2020.10.25-20.57.14:197][  0]LogDerivedDataCache: Display: Pak cache opened for reading ../../../Engine/DerivedDataCache/Compressed.ddp.
[2020.10.25-20.57.14:198][  0]LogDerivedDataCache: FDerivedDataBackendGraph:  EnterprisePak pak cache file ../../../Enterprise/DerivedDataCache/Compressed.ddp not found, will not use a pak cache.
[2020.10.25-20.57.14:198][  0]LogDerivedDataCache: Unable to find inner node EnterprisePak for hierarchical cache Hierarchy.
[2020.10.25-20.57.14:207][  0]LogDerivedDataCache: Using Local data cache path C:/Users/Abisai/AppData/Local/UnrealEngine/Common/DerivedDataCache: Writable
[2020.10.25-20.57.14:207][  0]LogDerivedDataCache: Shared data cache path not found in *engine.ini, will not use an Shared cache.
[2020.10.25-20.57.14:207][  0]LogDerivedDataCache: Unable to find inner node Shared for hierarchical cache Hierarchy.
[2020.10.25-20.57.14:579][  0]LogSlate: Using FreeType 2.10.0
[2020.10.25-20.57.14:881][  0]LogSlate: SlateFontServices - WITH_FREETYPE: 1, WITH_HARFBUZZ: 1
[2020.10.25-20.57.16:531][  0]LogAssetRegistry: FAssetRegistry took 0.0251 seconds to start up
[2020.10.25-20.57.22:425][  0]LogInit: Selected Device Profile: [Windows]
[2020.10.25-20.57.28:876][  0]LogMeshReduction: Using QuadricMeshReduction for automatic static mesh reduction
[2020.10.25-20.57.28:876][  0]LogMeshReduction: Using SimplygonMeshReduction for automatic skeletal mesh reduction
[2020.10.25-20.57.28:876][  0]LogMeshReduction: Using ProxyLODMeshReduction for automatic mesh merging
[2020.10.25-20.57.28:876][  0]LogMeshReduction: No distributed automatic mesh merging module available
[2020.10.25-20.57.29:001][  0]LogMeshMerging: No distributed automatic mesh merging module available
[2020.10.25-20.57.31:307][  0]LogNetVersion: MazeBall 1.0.0, NetCL: 13144385, EngineNetVer: 14, GameNetVer: 0 (Checksum: 2432658607)
[2020.10.25-20.58.20:237][  0]LogAISub: UAISubsystem::UAISubsystem AISubsystem (000001591B991F00), frame # 0
[2020.10.25-20.58.20:238][  0]LogAISub: UAISubsystem::UAISubsystem AIPerceptionSystem (000001591B7D51C0), frame # 0
[2020.10.25-20.58.20:325][  0]LogAISub: UAISubsystem::UAISubsystem EnvQueryManager (000001591B972800), frame # 0
[2020.10.25-20.58.23:518][  0]LogPackageLocalizationCache: Processed 19 localized package path(s) for 1 prioritized culture(s) in 1.349191 seconds
[2020.10.25-20.58.23:775][  0]LogUObjectArray: 15917 objects as part of root set at end of initial load.
[2020.10.25-20.58.23:831][  0]LogUObjectAllocator: 3965568 out of 0 bytes used by permanent object pool.
[2020.10.25-20.58.23:831][  0]LogUObjectArray: CloseDisregardForGC: 0/0 objects in disregard for GC pool
[2020.10.25-20.58.54:957][  0]LogTcpMessaging: Initializing TcpMessaging bridge
[2020.10.25-20.58.55:697][  0]LogUdpMessaging: Initializing bridge on interface 0.0.0.0:0 to multicast group 230.0.0.1:6666.
[2020.10.25-20.59.02:906][  0]SourceControl: Source control is disabled
[2020.10.25-20.59.03:002][  0]SourceControl: Source control is disabled
[2020.10.25-20.59.03:970][  0]SourceControl: Source control is disabled
[2020.10.25-20.59.04:094][  0]SourceControl: Source control is disabled
[2020.10.25-20.59.04:731][  0]SourceControl: Source control is disabled
[2020.10.25-20.59.22:563][  0]LogAndroidPermission: UAndroidPermissionCallbackProxy::GetInstance
[2020.10.25-20.59.23:635][  0]LogAudioCaptureCore: Display: No Audio Capture implementations found. Audio input will be silent.
[2020.10.25-20.59.23:635][  0]LogAudioCaptureCore: Display: No Audio Capture implementations found. Audio input will be silent.
[2020.10.25-20.59.26:179][  0]LogOcInput: OculusInput pre-init called
[2020.10.25-20.59.26:866][  0]LogWindows: Failed to load 'OVRPlugin.dll' (GetLastError=126)
[2020.10.25-20.59.26:867][  0]LogWindows: File 'OVRPlugin.dll' does not exist
[2020.10.25-20.59.38:347][  0]LogAutomationTest: Warning: Smoke tests took > 2s to run: 7.18s
[2020.10.25-20.59.39:393][  0]LogEngine: Initializing Engine...
[2020.10.25-20.59.39:492][  0]LogHMD: Failed to initialize OpenVR with code 110
[2020.10.25-20.59.39:605][  0]LogMagicLeap: Warning: VR disabled because ZI is not enabled.  To enable, in the editor, Edit -> Project Settings -> Plugins -> Magic Leap Plugin -> Enable Zero Iteration
[2020.10.25-20.59.40:276][  0]LogStats: UGameplayTagsManager::InitializeManager -  0.191 s
[2020.10.25-20.59.43:007][  0]LogInit: Initializing FReadOnlyCVARCache
[2020.10.25-20.59.48:016][  0]LogAIModule: Creating AISystem for world Untitled
[2020.10.25-20.59.48:016][  0]LogAISub: UAISubsystem::UAISubsystem EnvQueryManager (0000015922F6DC00), frame # 0
[2020.10.25-20.59.48:018][  0]LogAISub: UAISubsystem::UAISubsystem AIPerceptionSystem (0000015922FD16C0), frame # 0
[2020.10.25-20.59.49:438][  0]LogAudioMixer: Display: Audio Mixer Platform Settings:
[2020.10.25-20.59.49:438][  0]LogAudioMixer: Display: 	Sample Rate:						  48000
[2020.10.25-20.59.49:439][  0]LogAudioMixer: Display: 	Callback Buffer Frame Size Requested: 1024
[2020.10.25-20.59.49:439][  0]LogAudioMixer: Display: 	Callback Buffer Frame Size To Use:	  1024
[2020.10.25-20.59.49:439][  0]LogAudioMixer: Display: 	Number of buffers to queue:			  2
[2020.10.25-20.59.49:439][  0]LogAudioMixer: Display: 	Max Channels (voices):				  32
[2020.10.25-20.59.49:439][  0]LogAudioMixer: Display: 	Number of Async Source Workers:		  0
[2020.10.25-20.59.49:463][  0]LogAudio: Display: AudioDevice MaxSources: 32
[2020.10.25-20.59.49:920][  0]LogAudio: Display: Using built-in audio occlusion.
[2020.10.25-20.59.49:921][  0]LogAudioMixer: Display: Initializing audio mixer.
[2020.10.25-20.59.51:336][  0]LogAudioMixer: Display: 0: FrontLeft
[2020.10.25-20.59.51:336][  0]LogAudioMixer: Display: 1: FrontRight
[2020.10.25-20.59.52:465][  0]LogAudioMixer: Display: Using Audio Device Speakers (Realtek(R) Audio)
[2020.10.25-20.59.52:517][  0]LogAudioMixer: Display: Initializing Sound Submixes...
[2020.10.25-20.59.52:690][  0]LogAudioMixer: Display: Creating Master Submix 'MasterSubmixDefault'
[2020.10.25-20.59.52:691][  0]LogAudioMixer: Display: Creating Master Submix 'MasterReverbSubmixDefault'
[2020.10.25-20.59.52:700][  0]LogAudioMixer: Display: Creating Master Submix 'MasterEQSubmixDefault'
[2020.10.25-20.59.52:705][  0]LogInit: FAudioDevice initialized.
[2020.10.25-20.59.52:815][  0]LogNetVersion: Set ProjectVersion to 1.0.0.0. Version Checksum will be recalculated on next use.
[2020.10.25-20.59.53:528][  0]LogDerivedDataCache: Saved boot cache 0.71s 76MB C:/Users/Abisai/AppData/Local/UnrealEngine/4.25/DerivedDataCache/Boot.ddc.
[2020.10.25-20.59.53:551][  0]LogInit: Texture streaming: Enabled
[2020.10.25-20.59.55:050][  0]LogEngineSessionManager: EngineSessionManager initialized
[2020.10.25-20.59.55:050][  0]LogEditorSessionSummary: Verbose: Initializing EditorSessionSummaryWriter for editor session tracking
[2020.10.25-20.59.55:350][  0]LogEditorSessionSummary: EditorSessionSummaryWriter initialized
[2020.10.25-20.59.57:292][  0]LogInit: Transaction tracking system initialized
[2020.10.25-20.59.59:757][  0]BlueprintLog: New page: Editor Load
[2020.10.25-21.00.09:240][  0]LocalizationService: Localization service is disabled
[2020.10.25-21.00.27:009][  0]LogFileCache: Scanning file cache for directory 'D:/MazeBall/MazeBall/Content/' took 0.01s
[2020.10.25-21.00.27:009][  0]LogCook: Display: Max memory allowance for cook 16384mb min free memory 0mb
[2020.10.25-21.00.27:012][  0]LogCook: Display: Mobile HDR setting 1
[2020.10.25-21.01.27:991][  0]SourceControl: Source control is disabled
[2020.10.25-21.01.28:178][  0]LogUnrealEdMisc: Loading editor; pre map load, took 362.024
[2020.10.25-21.01.28:387][  0]Cmd: MAP LOAD FILE="../../../Engine/Content/Maps/Templates/Template_Default.umap" TEMPLATE=1 SHOWPROGRESS=1 FEATURELEVEL=3
[2020.10.25-21.01.28:542][  0]LightingResults: New page: Lighting Build
[2020.10.25-21.01.30:206][  0]LogWorld: UWorld::CleanupWorld for Untitled, bSessionEnded=true, bCleanupResources=true
[2020.10.25-21.01.31:005][  0]LogSlate: InvalidateAllWidgets triggered.  All widgets were invalidated
[2020.10.25-21.01.31:686][  0]MapCheck: New page: Map Check
[2020.10.25-21.01.31:686][  0]LightingResults: New page: Lighting Build
[2020.10.25-21.01.35:488][  0]LogAISub: UAISubsystem::~UAISubsystem EnvQueryManager (0000015922F6DC00), frame # 0
[2020.10.25-21.01.35:489][  0]LogAISub: UAISubsystem::~UAISubsystem AIPerceptionSystem (0000015922FD16C0), frame # 0
[2020.10.25-21.01.35:497][  0]LogUObjectHash: Compacting FUObjectHashTables data took   5.18ms
[2020.10.25-21.01.44:717][  0]LogAIModule: Creating AISystem for world Untitled_1
[2020.10.25-21.01.44:718][  0]LogAISub: UAISubsystem::UAISubsystem EnvQueryManager (0000015912D3BE00), frame # 0
[2020.10.25-21.01.44:718][  0]LogAISub: UAISubsystem::UAISubsystem AIPerceptionSystem (0000015912ECA480), frame # 0
[2020.10.25-21.01.47:749][  0]LogEditorServer: Finished looking for orphan Actors (0.000 secs)
[2020.10.25-21.01.48:605][  0]LogUObjectHash: Compacting FUObjectHashTables data took   5.70ms
[2020.10.25-21.01.48:621][  0]Cmd: MAP CHECKDEP NOCLEARLOG
[2020.10.25-21.01.48:692][  0]MapCheck: Map check complete: 0 Error(s), 0 Warning(s), took 3.24ms to complete.
[2020.10.25-21.01.48:913][  0]LogFileHelpers: Loading map 'Template_Default' took 20.327
[2020.10.25-21.01.58:790][  0]LogUnrealEdMisc: Total Editor Startup Time, took 392.636
[2020.10.25-21.02.06:253][  0]LogSlate: Updating window title bar state: overlay mode, drag disabled, window buttons hidden, title bar hidden
[2020.10.25-21.02.06:389][  0]LogSlate: Updating window title bar state: overlay mode, drag disabled, window buttons hidden, title bar hidden
[2020.10.25-21.02.06:419][  0]LogSlate: Updating window title bar state: overlay mode, drag disabled, window buttons hidden, title bar hidden
[2020.10.25-21.02.06:438][  0]LogSlate: Updating window title bar state: overlay mode, drag disabled, window buttons hidden, title bar hidden
[2020.10.25-21.02.07:292][  0]LogCollectionManager: Loaded 0 collections in 0.008293 seconds
[2020.10.25-21.02.08:933][  0]LogFileCache: Scanning file cache for directory 'D:/MazeBall/MazeBall/Saved/Collections/' took 0.00s
[2020.10.25-21.02.08:933][  0]LogFileCache: Scanning file cache for directory 'D:/MazeBall/MazeBall/Content/Developers/Abisai/Collections/' took 0.05s
[2020.10.25-21.02.08:933][  0]LogFileCache: Scanning file cache for directory 'D:/MazeBall/MazeBall/Content/Collections/' took 0.01s
[2020.10.25-21.02.08:933][  0]LogContentBrowser: Native class hierarchy populated in 0.2783 seconds. Added 3428 classes and 823 folders.
[2020.10.25-21.02.10:082][  0]LogContentBrowser: Native class hierarchy updated for 'WidgetCarousel' in 0.0022 seconds. Added 0 classes and 0 folders.
[2020.10.25-21.02.20:404][  0]LogContentBrowser: Native class hierarchy updated for 'AddContentDialog' in 0.0017 seconds. Added 0 classes and 0 folders.
[2020.10.25-21.02.20:914][  0]LogContentBrowser: Native class hierarchy updated for 'SceneOutliner' in 0.0056 seconds. Added 2 classes and 0 folders.
[2020.10.25-21.02.29:370][  0]LogSlate: Took 0.191050 seconds to synchronously load lazily loaded font '../../../Engine/Content/Slate/Fonts/Roboto-Regular.ttf' (155K)
[2020.10.25-21.02.29:530][  0]LogSlate: Took 0.072798 seconds to synchronously load lazily loaded font '../../../Engine/Content/Slate/Fonts/Roboto-Bold.ttf' (160K)
[2020.10.25-21.02.30:167][  0]LogSlate: Took 0.141799 seconds to synchronously load lazily loaded font '../../../Engine/Content/Editor/Slate/Fonts/FontAwesome.ttf' (139K)
[2020.10.25-21.02.36:979][  0]LogRenderer: Reallocating scene render targets to support 884x388 Format 10 NumSamples 1 (Frame:1).
[2020.10.25-21.02.45:934][  0]LogContentBrowser: Native class hierarchy updated for 'HierarchicalLODOutliner' in 0.1095 seconds. Added 0 classes and 0 folders.
[2020.10.25-21.02.46:062][  0]LogLoad: (Engine Initialization) Total time: 439.87 seconds
[2020.10.25-21.02.46:063][  0]LogLoad: (Engine Initialization) Total Blueprint compile time: 0.00 seconds
[2020.10.25-21.02.49:934][  0]LogContentStreaming: Texture pool size now 1000 MB
[2020.10.25-21.02.54:123][  4]LogD3D11RHI: Timed out while waiting for GPU to catch up. (0.5 s) (ErrorCode 00000001)
[2020.10.25-21.02.55:287][  6]LogAssetRegistry: Asset discovery search completed in 338.7628 seconds
[2020.10.25-21.02.55:677][  6]LogCollectionManager: Fixed up redirectors for 0 collections in 0.005358 seconds (updated 0 objects)
[2020.10.25-21.06.37:892][795]LogSlate: Took 0.154696 seconds to synchronously load lazily loaded font '../../../Engine/Content/Slate/Fonts/Roboto-Light.ttf' (167K)
[2020.10.25-21.06.39:610][795]LogSlate: WidgetSwitcher ('None') active index changed to -1
[2020.10.25-21.06.39:613][795]LogSlate: WidgetSwitcher ('None') active index changed to 0
[2020.10.25-21.06.40:018][795]LogSlate: Took 0.137715 seconds to synchronously load lazily loaded font '../../../Engine/Content/Slate/Fonts/Roboto-BoldCondensed.ttf' (158K)
[2020.10.25-21.06.44:242][839]LogSlate: WidgetSwitcher ('None') active index changed to 1
[2020.10.25-21.06.51:717][915]Running D:/UnrealEngine/UE_4.25/Engine/Binaries/DotNET/UnrealBuildTool.exe  -projectfiles -project="D:/MazeBall/MazeBall/MazeBall.uproject" -game -rocket -progress
[2020.10.25-21.06.56:439][915]Discovering modules, targets and source code for project...
[2020.10.25-21.09.16:099][915]Binding IntelliSense data...
[2020.10.25-21.11.37:135][915]Binding IntelliSense data... 50%
[2020.10.25-21.11.37:140][915]Binding IntelliSense data... 100%
[2020.10.25-21.11.37:140][915]Writing project files...
[2020.10.25-21.14.42:419][915]Writing project files... 33%
[2020.10.25-21.14.42:852][915]Writing project files... 100%
[2020.10.25-21.14.46:442][915]Candidate modules for hot reload:
[2020.10.25-21.14.46:442][915]  MazeBall
[2020.10.25-21.14.46:443][915]Launching UnrealBuildTool... [D:/UnrealEngine/UE_4.25/Engine/Binaries/DotNET/UnrealBuildTool.exe  -ModuleWithSuffix=MazeBall,4836 MazeBallEditor Win64 Development -Project="D:/MazeBall/MazeBall/MazeBall.uproject" "D:/MazeBall/MazeBall/MazeBall.uproject"  -IgnoreJunk]
[2020.10.25-21.28.33:416][915]LogD3D11RHI: Timed out while waiting for GPU to catch up. (0.5 s) (ErrorCode 00000001)
[2020.10.25-21.33.05:918][915]LogD3D11RHI: Error: Direct3DDevice->CreateQuery(&Desc,Query.GetInitReference()) failed 
 at D:/Build/++UE4+Licensee/Sync/Engine/Source/Runtime/Windows/D3D11RHI/Private/D3D11Query.cpp:202 
 with error E_OUTOFMEMORY
[2020.10.25-22.16.37:372][915]LogConsoleResponse:     41 = 2680 KB (2D 884x388 PF_FloatRGBA RT UAV VRam) SceneColor unused(1) VRamInKB(Start/Size):<NONE>
[2020.10.25-22.16.37:372][915]LogConsoleResponse:     33 = 2680 KB (2D 884x388 PF_FloatRGBA RT UAV) LightAccumulation
[2020.10.25-22.16.37:372][915]LogConsoleResponse:     46 = 2680 KB (2D 884x388 PF_FloatRGBA RT UAV) ScreenSpaceReflections unused(1)
[2020.10.25-22.16.37:372][915]LogConsoleResponse:     59 = 2680 KB (2D 884x388 PF_FloatRGBA RT VRam) SceneColor unused(1) VRamInKB(Start/Size):<NONE>
[2020.10.25-22.16.37:373][915]LogConsoleResponse:     54 = 2680 KB (2D 884x388 PF_FloatRGBA RT) SeparateTranslucency unused(1)
[2020.10.25-22.16.37:373][915]LogConsoleResponse:     81 = 2680 KB (2D 884x388 PF_FloatRGBA UAV) TemporalAA
[2020.10.25-22.16.37:373][915]LogConsoleResponse:     60 = 2680 KB (2D 884x388 PF_FloatRGBA UAV) TemporalAA unused(1)
[2020.10.25-22.16.37:373][915]LogConsoleResponse:     27 = 2048 KB (3D 64x64x64 PF_FloatRGBA RT UAV) TranslucentVolume0
[2020.10.25-22.16.37:373][915]LogConsoleResponse:     29 = 2048 KB (3D 64x64x64 PF_FloatRGBA RT UAV) TranslucentVolume1
[2020.10.25-22.16.37:374][915]LogConsoleResponse:     31 = 2048 KB (3D 64x64x64 PF_FloatRGBA RT UAV) TranslucentVolume2
[2020.10.25-22.16.37:374][915]LogConsoleResponse:     28 = 2048 KB (3D 64x64x64 PF_FloatRGBA RT UAV) TranslucentVolumeDir0
[2020.10.25-22.16.37:374][915]LogConsoleResponse:     30 = 2048 KB (3D 64x64x64 PF_FloatRGBA RT UAV) TranslucentVolumeDir1
[2020.10.25-22.16.37:374][915]LogConsoleResponse:     32 = 2048 KB (3D 64x64x64 PF_FloatRGBA RT UAV) TranslucentVolumeDir2
[2020.10.25-22.16.37:374][915]LogConsoleResponse:     58 = 1675 KB (2D 884x388 PF_DepthStencil 4xMSAA) EditorPrimitivesDepth unused(1)
[2020.10.25-22.16.37:374][915]LogConsoleResponse:     76 = 1675 KB (2D 884x388 PF_DepthStencil 4xMSAA) SelectionOutline unused(1)
[2020.10.25-22.16.37:374][915]LogConsoleResponse:     24 = 1675 KB (2D 884x388 PF_DepthStencil VRam) SceneDepthZ VRamInKB(Start/Size):<NONE>
[2020.10.25-22.16.37:374][915]LogConsoleResponse:     35 = 1340 KB (2D 884x388 PF_A2B10G10R10 RT) GBufferA unused(1)
[2020.10.25-22.16.37:375][915]LogConsoleResponse:     57 = 1340 KB (2D 884x388 PF_B8G8R8A8 RT 4xMSAA) EditorPrimitivesColor unused(1)
[2020.10.25-22.16.37:376][915]LogConsoleResponse:     37 = 1340 KB (2D 884x388 PF_B8G8R8A8 RT sRGB) GBufferC unused(1)
[2020.10.25-22.16.37:376][915]LogConsoleResponse:     36 = 1340 KB (2D 884x388 PF_B8G8R8A8 RT VRam) GBufferB unused(1) VRamInKB(Start/Size):<NONE>
[2020.10.25-22.16.37:376][915]LogConsoleResponse:     77 = 1340 KB (2D 884x388 PF_B8G8R8A8 RT VRam) SelectionOutlineColor unused(1) VRamInKB(Start/Size):<NONE>
[2020.10.25-22.16.37:376][915]LogConsoleResponse:     75 = 1340 KB (2D 884x388 PF_B8G8R8A8 RT VRam) Tonemap unused(1) VRamInKB(Start/Size):<NONE>
[2020.10.25-22.16.37:376][915]LogConsoleResponse:     38 = 1340 KB (2D 884x388 PF_B8G8R8A8 RT) GBufferD unused(1)
[2020.10.25-22.16.37:376][915]LogConsoleResponse:     39 = 1340 KB (2D 884x388 PF_B8G8R8A8 RT) GBufferE unused(1)
[2020.10.25-22.16.37:376][915]LogConsoleResponse:     79 = 1340 KB (2D 884x388 PF_B8G8R8A8 RT) LightAttenuation unused(1)
[2020.10.25-22.16.37:376][915]LogConsoleResponse:     43 = 1340 KB (2D 884x388 PF_G16R16 RT UAV) Velocity unused(1)
[2020.10.25-22.16.37:377][915]LogConsoleResponse:     78 = 1024 KB (Cube[1] 128 PF_FloatRGBA) ReflectionEnvs
[2020.10.25-22.16.37:377][915]LogConsoleResponse:     25 = 838 KB (2D 442x194 PF_DepthStencil) SmallDepthZ
[2020.10.25-22.16.37:377][915]LogConsoleResponse:     44 = 670 KB (2D 442x194 PF_FloatRGBA RT VRam) AmbientOcclusionSetup unused(1) VRamInKB(Start/Size):<NONE>
[2020.10.25-22.16.37:377][915]LogConsoleResponse:     34 = 670 KB (2D 884x194 PF_R32_UINT RT UAV) QuadOverdrawBuffer
[2020.10.25-22.16.37:377][915]LogConsoleResponse:     53 = 512 KB (3D 256x128x2 PF_FloatRGBA RT) AtmosphereDeltaJ
[2020.10.25-22.16.37:377][915]LogConsoleResponse:     52 = 512 KB (3D 256x128x2 PF_FloatRGBA RT) AtmosphereDeltaSM
[2020.10.25-22.16.37:377][915]LogConsoleResponse:     51 = 512 KB (3D 256x128x2 PF_FloatRGBA RT) AtmosphereDeltaSR
[2020.10.25-22.16.37:377][915]LogConsoleResponse:     50 = 512 KB (3D 256x128x2 PF_FloatRGBA RT) AtmosphereInscatter
[2020.10.25-22.16.37:378][915]LogConsoleResponse:     40 = 342 KB (2D 512x256 PF_R16F UAV VRam) HZBFurthest unused(1) VRamInKB(Start/Size):<NONE>
[2020.10.25-22.16.37:378][915]LogConsoleResponse:     45 = 335 KB (2D 442x194 PF_B8G8R8A8 RT VRam) AmbientOcclusion unused(1) VRamInKB(Start/Size):<NONE>
[2020.10.25-22.16.37:378][915]LogConsoleResponse:     74 = 335 KB (2D 442x194 PF_FloatRGB RT VRam) BloomX unused(1) VRamInKB(Start/Size):<NONE>
[2020.10.25-22.16.37:378][915]LogConsoleResponse:     61 = 335 KB (2D 442x194 PF_FloatRGB RT VRam) BloomY unused(1) VRamInKB(Start/Size):<NONE>
[2020.10.25-22.16.37:378][915]LogConsoleResponse:     26 = 335 KB (2D 884x388 PF_G8 RT UAV) ScreenSpaceAO
[2020.10.25-22.16.37:378][915]LogConsoleResponse:      4 = 256 KB (2D 256x256 PF_B8G8R8A8) HZBResultsCPU
[2020.10.25-22.16.37:378][915]LogConsoleResponse:      1 = 256 KB (2D 256x256 PF_B8G8R8A8) HZBResultsCPU
[2020.10.25-22.16.37:378][915]LogConsoleResponse:      2 = 256 KB (2D 256x256 PF_B8G8R8A8) HZBResultsCPU
[2020.10.25-22.16.37:378][915]LogConsoleResponse:      3 = 256 KB (2D 256x256 PF_B8G8R8A8) HZBResultsCPU
[2020.10.25-22.16.37:379][915]LogConsoleResponse:     47 = 128 KB (2D 256x64 PF_FloatRGBA RT) AtmosphereTransmittance
[2020.10.25-22.16.37:379][915]LogConsoleResponse:     56 = 128 KB (3D 32x32x32 PF_A2B10G10R10 RT VRam) CombineLUTs VRamInKB(Start/Size):<NONE>
[2020.10.25-22.16.37:379][915]LogConsoleResponse:     73 = 84 KB (2D 221x97 PF_FloatRGB RT VRam) BloomX unused(1) VRamInKB(Start/Size):<NONE>
[2020.10.25-22.16.37:379][915]LogConsoleResponse:     64 = 84 KB (2D 221x97 PF_FloatRGB RT VRam) BloomY unused(1) VRamInKB(Start/Size):<NONE>
[2020.10.25-22.16.37:379][915]LogConsoleResponse:     11 = 64 KB (2D 128x128 PF_B8G8R8A8) PerlinNoiseGradient
[2020.10.25-22.16.37:379][915]LogConsoleResponse:     42 = 49 KB (2D 98x64 PF_A16B16G16R16) SSProfiles
[2020.10.25-22.16.37:379][915]LogConsoleResponse:     22 = 32 KB (2D 64x64 PF_FloatRGBA VRam) LTCMat VRamInKB(Start/Size):<NONE>
[2020.10.25-22.16.37:379][915]LogConsoleResponse:     72 = 22 KB (2D 111x49 PF_FloatRGB RT VRam) BloomX unused(1) VRamInKB(Start/Size):<NONE>
[2020.10.25-22.16.37:379][915]LogConsoleResponse:     65 = 22 KB (2D 111x49 PF_FloatRGB RT VRam) BloomY unused(1) VRamInKB(Start/Size):<NONE>
[2020.10.25-22.16.37:380][915]LogConsoleResponse:     18 = 16 KB (2D 128x32 PF_G16R16) PreintegratedGF
[2020.10.25-22.16.37:380][915]LogConsoleResponse:     23 = 16 KB (2D 64x64 PF_G16R16F VRam) LTCAmp VRamInKB(Start/Size):<NONE>
[2020.10.25-22.16.37:380][915]LogConsoleResponse:     19 = 16 KB (3D 16x16x16 PF_B8G8R8A8) PerlinNoise3D
[2020.10.25-22.16.37:380][915]LogConsoleResponse:     49 = 8 KB (2D 64x16 PF_FloatRGBA RT) AtmosphereDeltaE
[2020.10.25-22.16.37:380][915]LogConsoleResponse:     48 = 8 KB (2D 64x16 PF_FloatRGBA RT) AtmosphereIrradiance
[2020.10.25-22.16.37:380][915]LogConsoleResponse:     20 = 8 KB (2D 64x64 PF_R8G8) SSAORandomization
[2020.10.25-22.16.37:380][915]LogConsoleResponse:     62 = 7 KB (2D 16x49 PF_FloatRGBA RT UAV VRam) Histogram unused(1) VRamInKB(Start/Size):<NONE>
[2020.10.25-22.16.37:380][915]LogConsoleResponse:     71 = 6 KB (2D 56x25 PF_FloatRGB RT VRam) BloomX unused(1) VRamInKB(Start/Size):<NONE>
[2020.10.25-22.16.37:380][915]LogConsoleResponse:     66 = 6 KB (2D 56x25 PF_FloatRGB RT VRam) BloomY unused(1) VRamInKB(Start/Size):<NONE>
[2020.10.25-22.16.37:380][915]LogConsoleResponse:     70 = 2 KB (2D 28x13 PF_FloatRGB RT VRam) BloomX unused(1) VRamInKB(Start/Size):<NONE>
[2020.10.25-22.16.37:381][915]LogConsoleResponse:     67 = 2 KB (2D 28x13 PF_FloatRGB RT VRam) BloomY unused(1) VRamInKB(Start/Size):<NONE>
[2020.10.25-22.16.37:381][915]LogConsoleResponse:     69 = 1 KB (2D 14x7 PF_FloatRGB RT VRam) BloomX unused(1) VRamInKB(Start/Size):<NONE>
[2020.10.25-22.16.37:381][915]LogConsoleResponse:     68 = 1 KB (2D 14x7 PF_FloatRGB RT VRam) BloomY unused(1) VRamInKB(Start/Size):<NONE>
[2020.10.25-22.16.37:381][915]LogConsoleResponse:     63 = 1 KB (2D 16x2 PF_A32B32G32R32F RT VRam) HistogramReduce unused(1) VRamInKB(Start/Size):<NONE>
[2020.10.25-22.16.37:381][915]LogConsoleResponse:     55 = 1 KB (2D 1x1 PF_A32B32G32R32F RT UAV) EyeAdaptation
[2020.10.25-22.16.37:381][915]LogConsoleResponse:     80 = 1 KB (2D 1x1 PF_A32B32G32R32F RT UAV) EyeAdaptation
[2020.10.25-22.16.37:381][915]LogConsoleResponse:      8 = 1 KB (2D 1x1 PF_B8G8R8A8 RT) BlackAlphaOneDummy
[2020.10.25-22.16.37:381][915]LogConsoleResponse:      6 = 1 KB (2D 1x1 PF_B8G8R8A8 RT) BlackDummy
[2020.10.25-22.16.37:382][915]LogConsoleResponse:     10 = 1 KB (2D 1x1 PF_B8G8R8A8 RT) DefaultNormal8Bit
[2020.10.25-22.16.37:382][915]LogConsoleResponse:      9 = 1 KB (2D 1x1 PF_B8G8R8A8 RT) GreenDummy
[2020.10.25-22.16.37:382][915]LogConsoleResponse:      5 = 1 KB (2D 1x1 PF_B8G8R8A8 RT) WhiteDummy
[2020.10.25-22.16.37:382][915]LogConsoleResponse:     13 = 1 KB (2D 1x1 PF_DepthStencil) DepthDummy
[2020.10.25-22.16.37:382][915]LogConsoleResponse:     12 = 1 KB (2D 1x1 PF_FloatRGBA RT) MaxFP16Depth
[2020.10.25-22.16.37:382][915]LogConsoleResponse:     15 = 1 KB (2D 1x1 PF_FloatRGBA RT) MidGreyDummy
[2020.10.25-22.16.37:382][915]LogConsoleResponse:      7 = 1 KB (2D 1x1 PF_R32_UINT RT) ZeroUIntDummy
[2020.10.25-22.16.37:382][915]LogConsoleResponse:     14 = 1 KB (2D 1x1 PF_R8G8B8A8_UINT RT) StencilDummy
[2020.10.25-22.16.37:382][915]LogConsoleResponse:     16 = 1 KB (2D 32x16 PF_R16_UINT) SobolSampling
[2020.10.25-22.16.37:382][915]LogConsoleResponse:     21 = 1 KB (2D 4x4 PF_R8G8B8A8) GTAORandomization
[2020.10.25-22.16.37:383][915]LogConsoleResponse:     17 = 1 KB (3D 1x1x1 PF_B8G8R8A8 RT) VolumetricBlackDummy
[2020.10.25-22.16.37:565][915]LogConsoleResponse: 
[2020.10.25-22.16.37:565][915]LogConsoleResponse: Pool: 26/57 MB (referenced/allocated)
[2020.10.25-22.16.38:051][915]Cmd: rhi.DumpMemory
[2020.10.25-22.16.41:671][915]RHI resource memory (not tracked by our allocator)
[2020.10.25-22.16.41:673][915]        14865658  -  Render target memory 3D - STAT_RenderTargetMemory3D - STATGROUP_RHI - STATCAT_Advanced
[2020.10.25-22.16.41:673][915]          443372  -  Structured buffer memory - STAT_StructuredBufferMemory - STATGROUP_RHI - STATCAT_Advanced
[2020.10.25-22.16.41:673][915]        43591328  -  Uniform buffer memory - STAT_UniformBufferMemory - STATGROUP_RHI - STATCAT_Advanced
[2020.10.25-22.16.41:673][915]        17891460  -  Texture memory Cube - STAT_TextureMemoryCube - STATGROUP_RHI - STATCAT_Advanced
[2020.10.25-22.16.41:673][915]          548940  -  Texture memory 3D - STAT_TextureMemory3D - STATGROUP_RHI - STATCAT_Advanced
[2020.10.25-22.16.41:673][915]       112274993  -  Render target memory 2D - STAT_RenderTargetMemory2D - STATGROUP_RHI - STATCAT_Advanced
[2020.10.25-22.16.41:673][915]        80517998  -  Texture memory 2D - STAT_TextureMemory2D - STATGROUP_RHI - STATCAT_Advanced
[2020.10.25-22.16.41:673][915]         2585930  -  Index buffer memory - STAT_IndexBufferMemory - STATGROUP_RHI - STATCAT_Advanced
[2020.10.25-22.16.41:673][915]         4967632  -  Vertex buffer memory - STAT_VertexBufferMemory - STATGROUP_RHI - STATCAT_Advanced
[2020.10.25-22.16.41:673][915]264.823MB total
[2020.10.25-22.16.41:932][915]LogWindows: FPlatformMisc::RequestExit(1)
[2020.10.25-22.16.42:011][915]LogCore: Engine exit requested (reason: Win RequestExit)
[2020.10.25-22.16.42:522][915]Log file closed, 10/25/20 17:16:42
